#
# There is insufficient memory for the Java Runtime Environment to continue.
# Native memory allocation (mmap) failed to map 123731968 bytes. Error detail: G1 virtual space
# Possible reasons:
#   The system is out of physical RAM or swap space
#   This process is running with CompressedOops enabled, and the Java Heap may be blocking the growth of the native heap
# Possible solutions:
#   Reduce memory load on the system
#   Increase physical memory or swap space
#   Check if swap backing store is full
#   Decrease Java heap size (-Xmx/-Xms)
#   Decrease number of Java threads
#   Decrease Java thread stack sizes (-Xss)
#   Set larger code cache with -XX:ReservedCodeCacheSize=
#   JVM is running with Unscaled Compressed Oops mode in which the Java heap is
#     placed in the first 4GB address space. The Java Heap base address is the
#     maximum limit for the native heap growth. Please use -XX:HeapBaseMinAddress
#     to set the Java Heap base and to place the Java Heap above 4GB virtual address.
# This output file may be truncated or incomplete.
#
#  Out of Memory Error (os_windows.cpp:3618), pid=21664, tid=15632
#
# JRE version: OpenJDK Runtime Environment Temurin-17.0.17+10 (17.0.17+10) (build 17.0.17+10)
# Java VM: OpenJDK 64-Bit Server VM Temurin-17.0.17+10 (17.0.17+10, mixed mode, sharing, tiered, compressed oops, compressed class ptrs, g1 gc, windows-amd64)
# No core dump will be written. Minidumps are not enabled by default on client versions of Windows
#

---------------  S U M M A R Y ------------

Command Line: --add-opens=java.base/java.lang=ALL-UNNAMED --add-opens=java.base/java.lang.invoke=ALL-UNNAMED --add-opens=java.base/java.util=ALL-UNNAMED --add-opens=java.prefs/java.util.prefs=ALL-UNNAMED --add-exports=jdk.compiler/com.sun.tools.javac.api=ALL-UNNAMED --add-exports=jdk.compiler/com.sun.tools.javac.util=ALL-UNNAMED --add-opens=java.base/java.util=ALL-UNNAMED --add-opens=java.prefs/java.util.prefs=ALL-UNNAMED --add-opens=java.base/java.nio.charset=ALL-UNNAMED --add-opens=java.base/java.net=ALL-UNNAMED --add-opens=java.base/java.util.concurrent=ALL-UNNAMED --add-opens=java.base/java.util.concurrent.atomic=ALL-UNNAMED --add-opens=java.xml/javax.xml.namespace=ALL-UNNAMED -XX:MaxMetaspaceSize=512m -Xmx2048m -Dfile.encoding=windows-1252 -Duser.country=BR -Duser.language=pt -Duser.variant -javaagent:C:\Users\SAMSUNG\.gradle\wrapper\dists\gradle-9.0.0-bin\d6wjpkvcgsg3oed0qlfss3wgl\gradle-9.0.0\lib\agents\gradle-instrumentation-agent-9.0.0.jar org.gradle.launcher.daemon.bootstrap.GradleDaemon 9.0.0

Host: 11th Gen Intel(R) Core(TM) i3-1115G4 @ 3.00GHz, 4 cores, 3G,  Windows 11 , 64 bit Build 26100 (10.0.26100.6725)
Time: Sat Nov  1 18:28:05 2025 Hora oficial do Brasil elapsed time: 45.205620 seconds (0d 0h 0m 45s)

---------------  T H R E A D  ---------------

Current thread (0x000001667eceaea0):  VMThread "VM Thread" [stack: 0x00000049eeb00000,0x00000049eec00000] [id=15632]

Stack: [0x00000049eeb00000,0x00000049eec00000]
Native frames: (J=compiled Java code, j=interpreted, Vv=VM code, C=native code)
V  [jvm.dll+0x683fb9]
V  [jvm.dll+0x83a1b5]
V  [jvm.dll+0x83bc2e]
V  [jvm.dll+0x83c2b3]
V  [jvm.dll+0x248eff]
V  [jvm.dll+0x680d79]
V  [jvm.dll+0x675b7a]
V  [jvm.dll+0x3091a7]
V  [jvm.dll+0x310776]
V  [jvm.dll+0x360bbe]
V  [jvm.dll+0x360dfd]
V  [jvm.dll+0x2e022c]
V  [jvm.dll+0x2e32b6]
V  [jvm.dll+0x2ed9f4]
V  [jvm.dll+0x320cad]
V  [jvm.dll+0x840acd]
V  [jvm.dll+0x841803]
V  [jvm.dll+0x841d2f]
V  [jvm.dll+0x842115]
V  [jvm.dll+0x8421de]
V  [jvm.dll+0x7ea44c]
V  [jvm.dll+0x682e87]
C  [ucrtbase.dll+0x37b0]
C  [KERNEL32.DLL+0x2e8d7]
C  [ntdll.dll+0x8c53c]

VM_Operation (0x00000049ee7ff7b0): G1PauseRemark, mode: safepoint, requested by thread 0x000001666093e8e0


---------------  P R O C E S S  ---------------

Threads class SMR info:
_java_thread_list=0x0000016621e7f110, length=97, elements={
0x00000166608cfea0, 0x000001667ecf1a00, 0x000001667ecf24d0, 0x000001667ed08cf0,
0x000001667ed0b6d0, 0x000001667ed0cb10, 0x000001667ed0df50, 0x000001667ed10230,
0x000001667ed204e0, 0x000001667ed2ae10, 0x000001667ecdbdb0, 0x000001667f083980,
0x000001661fe56000, 0x000001661fde46b0, 0x000001661fdd67e0, 0x000001661ff60840,
0x000001661fbb5dd0, 0x000001662009b170, 0x0000016620099d30, 0x000001662009c0a0,
0x0000016620099310, 0x000001662009b680, 0x000001662009a240, 0x000001662009c5b0,
0x000001662009a750, 0x000001662009bb90, 0x0000016620098e00, 0x000001662009ac60,
0x0000016620099820, 0x0000016621d4a330, 0x0000016621d4b770, 0x0000016621d48ef0,
0x0000016621d4b260, 0x0000016621d4a840, 0x0000016621d4ad50, 0x0000016621d484d0,
0x0000016621d4c190, 0x0000016621d489e0, 0x0000016621d4c6a0, 0x0000016621d4dff0,
0x0000016621d4dae0, 0x0000016621d4d0c0, 0x0000016621d4f940, 0x0000016621d4e500,
0x0000016621d4ea10, 0x0000016621d4ef20, 0x0000016621d4f430, 0x0000016622811da0,
0x0000016622815a60, 0x00000166228136f0, 0x00000166228122b0, 0x0000016622814110,
0x0000016622815040, 0x0000016622812cd0, 0x0000016622814620, 0x0000016622816480,
0x0000016622816990, 0x00000166228131e0, 0x0000016622816ea0, 0x00000166228173b0,
0x0000016622817dd0, 0x00000166228178c0, 0x00000166228182e0, 0x0000016622814b30,
0x0000016622819720, 0x00000166228187f0, 0x0000016622818d00, 0x0000016622819210,
0x0000016622f68b30, 0x0000016622f68620, 0x0000016622f66cd0, 0x0000016622f676f0,
0x0000016622f67c00, 0x0000016622f69f70, 0x0000016622f667c0, 0x0000016622f6a480,
0x0000016622f671e0, 0x0000016622f6aea0, 0x0000016622f6a990, 0x0000016622f6b3b0,
0x0000016622f68110, 0x0000016622f69550, 0x0000016622f69a60, 0x0000016622f6b8c0,
0x0000016622f6bdd0, 0x0000016622f6c2e0, 0x0000016622f6c7f0, 0x0000016622f6dc30,
0x0000016622f6cd00, 0x0000016622f6d210, 0x0000016622f6e140, 0x0000016622274be0,
0x0000016622275600, 0x0000016622276a40, 0x0000016622276530, 0x0000016622276f50,
0x00000166242bf510
}

Java Threads: ( => current thread )
  0x00000166608cfea0 JavaThread "main" [_thread_blocked, id=12608, stack(0x00000049ee500000,0x00000049ee600000)]
  0x000001667ecf1a00 JavaThread "Reference Handler" daemon [_thread_blocked, id=10812, stack(0x00000049eec00000,0x00000049eed00000)]
  0x000001667ecf24d0 JavaThread "Finalizer" daemon [_thread_blocked, id=10660, stack(0x00000049eed00000,0x00000049eee00000)]
  0x000001667ed08cf0 JavaThread "Signal Dispatcher" daemon [_thread_blocked, id=4920, stack(0x00000049eee00000,0x00000049eef00000)]
  0x000001667ed0b6d0 JavaThread "Attach Listener" daemon [_thread_blocked, id=1512, stack(0x00000049eef00000,0x00000049ef000000)]
  0x000001667ed0cb10 JavaThread "Service Thread" daemon [_thread_blocked, id=14136, stack(0x00000049ef000000,0x00000049ef100000)]
  0x000001667ed0df50 JavaThread "Monitor Deflation Thread" daemon [_thread_blocked, id=10016, stack(0x00000049ef100000,0x00000049ef200000)]
  0x000001667ed10230 JavaThread "C2 CompilerThread0" daemon [_thread_blocked, id=2968, stack(0x00000049ef200000,0x00000049ef300000)]
  0x000001667ed204e0 JavaThread "C1 CompilerThread0" daemon [_thread_blocked, id=7716, stack(0x00000049ef300000,0x00000049ef400000)]
  0x000001667ed2ae10 JavaThread "Sweeper thread" daemon [_thread_blocked, id=8820, stack(0x00000049ef400000,0x00000049ef500000)]
  0x000001667ecdbdb0 JavaThread "Common-Cleaner" daemon [_thread_blocked, id=11124, stack(0x00000049ef500000,0x00000049ef600000)]
  0x000001667f083980 JavaThread "Notification Thread" daemon [_thread_blocked, id=10124, stack(0x00000049ef600000,0x00000049ef700000)]
  0x000001661fe56000 JavaThread "Daemon health stats" [_thread_blocked, id=2324, stack(0x00000049efb00000,0x00000049efc00000)]
  0x000001661fde46b0 JavaThread "Incoming local TCP Connector on port 55047" [_thread_in_native, id=1744, stack(0x00000049efc00000,0x00000049efd00000)]
  0x000001661fdd67e0 JavaThread "Daemon periodic checks" [_thread_blocked, id=13288, stack(0x00000049efd00000,0x00000049efe00000)]
  0x000001661ff60840 JavaThread "Daemon" [_thread_blocked, id=20992, stack(0x00000049efe00000,0x00000049eff00000)]
  0x000001661fbb5dd0 JavaThread "Handler for socket connection from /127.0.0.1:55047 to /127.0.0.1:55048" [_thread_in_native, id=5608, stack(0x00000049eff00000,0x00000049f0000000)]
  0x000001662009b170 JavaThread "Cancel handler" [_thread_blocked, id=23596, stack(0x00000049f0000000,0x00000049f0100000)]
  0x0000016620099d30 JavaThread "Daemon worker" [_thread_blocked, id=9212, stack(0x00000049f0100000,0x00000049f0200000)]
  0x000001662009c0a0 JavaThread "Asynchronous log dispatcher for DefaultDaemonConnection: socket connection from /127.0.0.1:55047 to /127.0.0.1:55048" [_thread_blocked, id=23096, stack(0x00000049f0200000,0x00000049f0300000)]
  0x0000016620099310 JavaThread "Stdin handler" [_thread_blocked, id=7620, stack(0x00000049f0300000,0x00000049f0400000)]
  0x000001662009b680 JavaThread "Daemon client event forwarder" [_thread_blocked, id=10188, stack(0x00000049f0400000,0x00000049f0500000)]
  0x000001662009a240 JavaThread "Cache worker for journal cache (C:\Users\SAMSUNG\.gradle\caches\journal-1)" [_thread_blocked, id=17736, stack(0x00000049f0500000,0x00000049f0600000)]
  0x000001662009c5b0 JavaThread "File lock request listener" [_thread_in_native, id=3868, stack(0x00000049f0600000,0x00000049f0700000)]
  0x000001662009a750 JavaThread "Cache worker for file hash cache (C:\Users\SAMSUNG\.gradle\caches\9.0.0\fileHashes)" [_thread_blocked, id=20096, stack(0x00000049f0700000,0x00000049f0800000)]
  0x000001662009bb90 JavaThread "Cache worker for file hash cache (C:\Users\SAMSUNG\KatianaStore\android\.gradle\9.0.0\fileHashes)" [_thread_blocked, id=16068, stack(0x00000049f0800000,0x00000049f0900000)]
  0x0000016620098e00 JavaThread "Cache worker for Build Output Cleanup Cache (C:\Users\SAMSUNG\KatianaStore\android\.gradle\buildOutputCleanup)" [_thread_blocked, id=15960, stack(0x00000049f0900000,0x00000049f0a00000)]
  0x000001662009ac60 JavaThread "File watcher server" daemon [_thread_in_native, id=2696, stack(0x00000049f0a00000,0x00000049f0b00000)]
  0x0000016620099820 JavaThread "File watcher consumer" daemon [_thread_blocked, id=8968, stack(0x00000049f0b00000,0x00000049f0c00000)]
  0x0000016621d4a330 JavaThread "Cache worker for checksums cache (C:\Users\SAMSUNG\KatianaStore\android\.gradle\9.0.0\checksums)" [_thread_blocked, id=24552, stack(0x00000049f0c00000,0x00000049f0d00000)]
  0x0000016621d4b770 JavaThread "Cache worker for file content cache (C:\Users\SAMSUNG\.gradle\caches\9.0.0\fileContent)" [_thread_blocked, id=16500, stack(0x00000049f0d00000,0x00000049f0e00000)]
  0x0000016621d48ef0 JavaThread "Cache worker for cache directory md-supplier (C:\Users\SAMSUNG\.gradle\caches\9.0.0\md-supplier)" [_thread_blocked, id=19028, stack(0x00000049f0e00000,0x00000049f0f00000)]
  0x0000016621d4b260 JavaThread "Cache worker for cache directory md-rule (C:\Users\SAMSUNG\.gradle\caches\9.0.0\md-rule)" [_thread_blocked, id=20528, stack(0x00000049f0f00000,0x00000049f1000000)]
  0x0000016621d4a840 JavaThread "jar transforms" [_thread_blocked, id=18616, stack(0x00000049f1100000,0x00000049f1200000)]
  0x0000016621d4ad50 JavaThread "Cache worker for Build Output Cleanup Cache (C:\Users\SAMSUNG\KatianaStore\node_modules\@react-native\gradle-plugin\.gradle\buildOutputCleanup)" [_thread_blocked, id=19752, stack(0x00000049f1200000,0x00000049f1300000)]
  0x0000016621d484d0 JavaThread "Unconstrained build operations" [_thread_blocked, id=23500, stack(0x00000049f1300000,0x00000049f1400000)]
  0x0000016621d4c190 JavaThread "Unconstrained build operations Thread 2" [_thread_blocked, id=15312, stack(0x00000049f1400000,0x00000049f1500000)]
  0x0000016621d489e0 JavaThread "Unconstrained build operations Thread 3" [_thread_blocked, id=24076, stack(0x00000049f1500000,0x00000049f1600000)]
  0x0000016621d4c6a0 JavaThread "Unconstrained build operations Thread 4" [_thread_blocked, id=19236, stack(0x00000049f1600000,0x00000049f1700000)]
  0x0000016621d4dff0 JavaThread "Unconstrained build operations Thread 5" [_thread_blocked, id=5404, stack(0x00000049f1700000,0x00000049f1800000)]
  0x0000016621d4dae0 JavaThread "Unconstrained build operations Thread 6" [_thread_blocked, id=20620, stack(0x00000049f1800000,0x00000049f1900000)]
  0x0000016621d4d0c0 JavaThread "Unconstrained build operations Thread 7" [_thread_blocked, id=8116, stack(0x00000049f1900000,0x00000049f1a00000)]
  0x0000016621d4f940 JavaThread "Unconstrained build operations Thread 8" [_thread_blocked, id=12888, stack(0x00000049f1a00000,0x00000049f1b00000)]
  0x0000016621d4e500 JavaThread "Unconstrained build operations Thread 9" [_thread_blocked, id=21308, stack(0x00000049f1b00000,0x00000049f1c00000)]
  0x0000016621d4ea10 JavaThread "Unconstrained build operations Thread 10" [_thread_blocked, id=4004, stack(0x00000049f1c00000,0x00000049f1d00000)]
  0x0000016621d4ef20 JavaThread "Unconstrained build operations Thread 11" [_thread_blocked, id=21304, stack(0x00000049f1d00000,0x00000049f1e00000)]
  0x0000016621d4f430 JavaThread "Unconstrained build operations Thread 12" [_thread_blocked, id=24120, stack(0x00000049f1e00000,0x00000049f1f00000)]
  0x0000016622811da0 JavaThread "Unconstrained build operations Thread 13" [_thread_blocked, id=2280, stack(0x00000049f1f00000,0x00000049f2000000)]
  0x0000016622815a60 JavaThread "Unconstrained build operations Thread 14" [_thread_blocked, id=8904, stack(0x00000049f2000000,0x00000049f2100000)]
  0x00000166228136f0 JavaThread "Unconstrained build operations Thread 15" [_thread_blocked, id=8924, stack(0x00000049f2100000,0x00000049f2200000)]
  0x00000166228122b0 JavaThread "build event listener" [_thread_blocked, id=16752, stack(0x00000049f2200000,0x00000049f2300000)]
  0x0000016622814110 JavaThread "Memory manager" [_thread_blocked, id=18084, stack(0x00000049f2300000,0x00000049f2400000)]
  0x0000016622815040 JavaThread "ForkJoinPool.commonPool-worker-1" daemon [_thread_blocked, id=20300, stack(0x00000049f2400000,0x00000049f2500000)]
  0x0000016622812cd0 JavaThread "ForkJoinPool.commonPool-worker-2" daemon [_thread_blocked, id=19292, stack(0x00000049f2500000,0x00000049f2600000)]
  0x0000016622814620 JavaThread "ForkJoinPool.commonPool-worker-3" daemon [_thread_blocked, id=8952, stack(0x00000049f2600000,0x00000049f2700000)]
  0x0000016622816480 JavaThread "Exec process" [_thread_blocked, id=8472, stack(0x00000049f2700000,0x00000049f2800000)]
  0x0000016622816990 JavaThread "Exec process Thread 2" [_thread_blocked, id=24572, stack(0x00000049f2800000,0x00000049f2900000)]
  0x00000166228131e0 JavaThread "Exec process Thread 3" [_thread_blocked, id=10528, stack(0x00000049f2900000,0x00000049f2a00000)]
  0x0000016622816ea0 JavaThread "included builds" [_thread_blocked, id=20596, stack(0x00000049f2a00000,0x00000049f2b00000)]
  0x00000166228173b0 JavaThread "Execution worker" [_thread_blocked, id=17368, stack(0x00000049f2b00000,0x00000049f2c00000)]
  0x0000016622817dd0 JavaThread "Execution worker Thread 2" [_thread_blocked, id=9548, stack(0x00000049f2c00000,0x00000049f2d00000)]
  0x00000166228178c0 JavaThread "Execution worker Thread 3" [_thread_blocked, id=13364, stack(0x00000049f2d00000,0x00000049f2e00000)]
  0x00000166228182e0 JavaThread "Cache worker for execution history cache (C:\Users\SAMSUNG\KatianaStore\node_modules\@react-native\gradle-plugin\.gradle\9.0.0\executionHistory)" [_thread_blocked, id=14728, stack(0x00000049f2e00000,0x00000049f2f00000)]
  0x0000016622814b30 JavaThread "Unconstrained build operations Thread 16" [_thread_blocked, id=18544, stack(0x00000049f2f00000,0x00000049f3000000)]
  0x0000016622819720 JavaThread "Unconstrained build operations Thread 17" [_thread_blocked, id=10268, stack(0x00000049f3000000,0x00000049f3100000)]
  0x00000166228187f0 JavaThread "Unconstrained build operations Thread 18" [_thread_blocked, id=9720, stack(0x00000049f3100000,0x00000049f3200000)]
  0x0000016622818d00 JavaThread "Unconstrained build operations Thread 19" [_thread_blocked, id=23644, stack(0x00000049f3200000,0x00000049f3300000)]
  0x0000016622819210 JavaThread "Unconstrained build operations Thread 20" [_thread_blocked, id=23672, stack(0x00000049f3300000,0x00000049f3400000)]
  0x0000016622f68b30 JavaThread "Unconstrained build operations Thread 21" [_thread_blocked, id=6652, stack(0x00000049f3400000,0x00000049f3500000)]
  0x0000016622f68620 JavaThread "Unconstrained build operations Thread 22" [_thread_blocked, id=18660, stack(0x00000049f3500000,0x00000049f3600000)]
  0x0000016622f66cd0 JavaThread "Unconstrained build operations Thread 23" [_thread_blocked, id=23024, stack(0x00000049f3600000,0x00000049f3700000)]
  0x0000016622f676f0 JavaThread "Unconstrained build operations Thread 24" [_thread_blocked, id=8188, stack(0x00000049f3700000,0x00000049f3800000)]
  0x0000016622f67c00 JavaThread "Unconstrained build operations Thread 25" [_thread_blocked, id=24020, stack(0x00000049f3800000,0x00000049f3900000)]
  0x0000016622f69f70 JavaThread "Unconstrained build operations Thread 26" [_thread_blocked, id=6636, stack(0x00000049f3900000,0x00000049f3a00000)]
  0x0000016622f667c0 JavaThread "Unconstrained build operations Thread 27" [_thread_blocked, id=24332, stack(0x00000049f3a00000,0x00000049f3b00000)]
  0x0000016622f6a480 JavaThread "Unconstrained build operations Thread 28" [_thread_blocked, id=11568, stack(0x00000049f3b00000,0x00000049f3c00000)]
  0x0000016622f671e0 JavaThread "Unconstrained build operations Thread 29" [_thread_blocked, id=12160, stack(0x00000049f3c00000,0x00000049f3d00000)]
  0x0000016622f6aea0 JavaThread "Unconstrained build operations Thread 30" [_thread_blocked, id=8980, stack(0x00000049f3d00000,0x00000049f3e00000)]
  0x0000016622f6a990 JavaThread "Unconstrained build operations Thread 31" [_thread_blocked, id=22224, stack(0x00000049f3e00000,0x00000049f3f00000)]
  0x0000016622f6b3b0 JavaThread "Unconstrained build operations Thread 32" [_thread_blocked, id=22908, stack(0x00000049f3f00000,0x00000049f4000000)]
  0x0000016622f68110 JavaThread "Unconstrained build operations Thread 33" [_thread_blocked, id=22096, stack(0x00000049f4000000,0x00000049f4100000)]
  0x0000016622f69550 JavaThread "Unconstrained build operations Thread 34" [_thread_blocked, id=24344, stack(0x00000049f4100000,0x00000049f4200000)]
  0x0000016622f69a60 JavaThread "Unconstrained build operations Thread 35" [_thread_blocked, id=17000, stack(0x00000049f4200000,0x00000049f4300000)]
  0x0000016622f6b8c0 JavaThread "Unconstrained build operations Thread 36" [_thread_blocked, id=22200, stack(0x00000049f4300000,0x00000049f4400000)]
  0x0000016622f6bdd0 JavaThread "Unconstrained build operations Thread 37" [_thread_blocked, id=17060, stack(0x00000049f4400000,0x00000049f4500000)]
  0x0000016622f6c2e0 JavaThread "jar transforms Thread 2" [_thread_blocked, id=16044, stack(0x00000049f4500000,0x00000049f4600000)]
  0x0000016622f6c7f0 JavaThread "jar transforms Thread 3" [_thread_blocked, id=23872, stack(0x00000049f4600000,0x00000049f4700000)]
  0x0000016622f6dc30 JavaThread "Unconstrained build operations Thread 38" [_thread_blocked, id=7280, stack(0x00000049f4700000,0x00000049f4800000)]
  0x0000016622f6cd00 JavaThread "Unconstrained build operations Thread 39" [_thread_blocked, id=11540, stack(0x00000049f4800000,0x00000049f4900000)]
  0x0000016622f6d210 JavaThread "Unconstrained build operations Thread 40" [_thread_blocked, id=10864, stack(0x00000049f4900000,0x00000049f4a00000)]
  0x0000016622f6e140 JavaThread "jar transforms Thread 4" [_thread_blocked, id=9920, stack(0x00000049f4a00000,0x00000049f4b00000)]
  0x0000016622274be0 JavaThread "build event listener" [_thread_blocked, id=11384, stack(0x00000049f4b00000,0x00000049f4c00000)]
  0x0000016622275600 JavaThread "Problems report writer" [_thread_blocked, id=13180, stack(0x00000049f4c00000,0x00000049f4d00000)]
  0x0000016622276a40 JavaThread "Exec process" [_thread_blocked, id=8332, stack(0x00000049f5000000,0x00000049f5100000)]
  0x0000016622276530 JavaThread "Exec process Thread 2" [_thread_blocked, id=11220, stack(0x00000049f5100000,0x00000049f5200000)]
  0x0000016622276f50 JavaThread "Exec process Thread 3" [_thread_blocked, id=24544, stack(0x00000049f5200000,0x00000049f5300000)]
  0x00000166242bf510 JavaThread "C2 CompilerThread1" daemon [_thread_blocked, id=7588, stack(0x00000049f4d00000,0x00000049f4e00000)]

Other Threads:
=>0x000001667eceaea0 VMThread "VM Thread" [stack: 0x00000049eeb00000,0x00000049eec00000] [id=15632]
  0x000001667f014510 WatcherThread [stack: 0x00000049ef700000,0x00000049ef800000] [id=22924]
  0x000001666092da80 GCTaskThread "GC Thread#0" [stack: 0x00000049ee600000,0x00000049ee700000] [id=12220]
  0x000001667f0e4890 GCTaskThread "GC Thread#1" [stack: 0x00000049ef800000,0x00000049ef900000] [id=9708]
  0x000001667f15f420 GCTaskThread "GC Thread#2" [stack: 0x00000049ef900000,0x00000049efa00000] [id=1772]
  0x000001667f78dc30 GCTaskThread "GC Thread#3" [stack: 0x00000049efa00000,0x00000049efb00000] [id=23688]
  0x000001666093e8e0 ConcurrentGCThread "G1 Main Marker" [stack: 0x00000049ee700000,0x00000049ee800000] [id=15832]
  0x0000016660940ef0 ConcurrentGCThread "G1 Conc#0" [stack: 0x00000049ee800000,0x00000049ee900000] [id=23504]
  0x000001666097e660 ConcurrentGCThread "G1 Refine#0" [stack: 0x00000049ee900000,0x00000049eea00000] [id=7976]
  0x000001662041ec20 ConcurrentGCThread "G1 Refine#1" [stack: 0x00000049f1000000,0x00000049f1100000] [id=23704]
  0x000001667eb950b0 ConcurrentGCThread "G1 Service" [stack: 0x00000049eea00000,0x00000049eeb00000] [id=2040]

Threads with active compile tasks:

VM state: at safepoint (normal execution)

VM Mutex/Monitor currently owned by a thread:  ([mutex/lock_event])
[0x00000166608caf80] Threads_lock - owner thread: 0x000001667eceaea0
[0x00000166608cb760] Heap_lock - owner thread: 0x000001666093e8e0

Heap address: 0x0000000080000000, size: 2048 MB, Compressed Oops mode: 32-bit

CDS archive(s) mapped at: [0x0000016600000000-0x0000016600bb0000-0x0000016600bb0000), size 12255232, SharedBaseAddress: 0x0000016600000000, ArchiveRelocationMode: 1.
Compressed class space mapped at: 0x0000016601000000-0x000001661b000000, reserved size: 436207616
Narrow klass base: 0x0000016600000000, Narrow klass shift: 0, Narrow klass range: 0x100000000

GC Precious Log:
 CPUs: 4 total, 4 available
 Memory: 3819M
 Large Page Support: Disabled
 NUMA Support: Disabled
 Compressed Oops: Enabled (32-bit)
 Heap Region Size: 1M
 Heap Min Capacity: 8M
 Heap Initial Capacity: 60M
 Heap Max Capacity: 2G
 Pre-touch: Disabled
 Parallel Workers: 4
 Concurrent Workers: 1
 Concurrent Refinement Workers: 4
 Periodic GC: Disabled

Heap:
 garbage-first heap   total 295936K, used 247714K [0x0000000080000000, 0x0000000100000000)
  region size 1024K, 65 young (66560K), 6 survivors (6144K)
 Metaspace       used 107239K, committed 108864K, reserved 557056K
  class space    used 15135K, committed 15936K, reserved 425984K

Heap Regions: E=young(eden), S=young(survivor), O=old, HS=humongous(starts), HC=humongous(continues), CS=collection set, F=free, OA=open archive, CA=closed archive, TAMS=top-at-mark-start (previous, next)
|   0|0x0000000080000000, 0x0000000080100000, 0x0000000080100000|100%|HS|  |TAMS 0x0000000080100000, 0x0000000080000000| Complete 
|   1|0x0000000080100000, 0x0000000080200000, 0x0000000080200000|100%|HC|  |TAMS 0x0000000080200000, 0x0000000080100000| Complete 
|   2|0x0000000080200000, 0x0000000080300000, 0x0000000080300000|100%|HC|  |TAMS 0x0000000080300000, 0x0000000080200000| Complete 
|   3|0x0000000080300000, 0x0000000080400000, 0x0000000080400000|100%| O|  |TAMS 0x0000000080400000, 0x0000000080300000| Untracked 
|   4|0x0000000080400000, 0x0000000080500000, 0x0000000080500000|100%| O|  |TAMS 0x0000000080500000, 0x0000000080400000| Untracked 
|   5|0x0000000080500000, 0x0000000080600000, 0x0000000080600000|100%| O|  |TAMS 0x0000000080600000, 0x0000000080500000| Untracked 
|   6|0x0000000080600000, 0x0000000080700000, 0x0000000080700000|100%| O|  |TAMS 0x0000000080700000, 0x0000000080600000| Updating 
|   7|0x0000000080700000, 0x0000000080800000, 0x0000000080800000|100%|HS|  |TAMS 0x0000000080800000, 0x0000000080700000| Complete 
|   8|0x0000000080800000, 0x00000000808ffff8, 0x0000000080900000| 99%| O|  |TAMS 0x00000000808ffff8, 0x0000000080800000| Untracked 
|   9|0x0000000080900000, 0x0000000080a00000, 0x0000000080a00000|100%| O|  |TAMS 0x0000000080a00000, 0x0000000080900000| Untracked 
|  10|0x0000000080a00000, 0x0000000080b00000, 0x0000000080b00000|100%| O|  |TAMS 0x0000000080b00000, 0x0000000080a00000| Untracked 
|  11|0x0000000080b00000, 0x0000000080c00000, 0x0000000080c00000|100%| O|  |TAMS 0x0000000080c00000, 0x0000000080b00000| Untracked 
|  12|0x0000000080c00000, 0x0000000080d00000, 0x0000000080d00000|100%| O|  |TAMS 0x0000000080d00000, 0x0000000080c00000| Untracked 
|  13|0x0000000080d00000, 0x0000000080e00000, 0x0000000080e00000|100%| O|  |TAMS 0x0000000080e00000, 0x0000000080d00000| Untracked 
|  14|0x0000000080e00000, 0x0000000080f00000, 0x0000000080f00000|100%| O|  |TAMS 0x0000000080f00000, 0x0000000080e00000| Untracked 
|  15|0x0000000080f00000, 0x0000000081000000, 0x0000000081000000|100%| O|  |TAMS 0x0000000081000000, 0x0000000080f00000| Untracked 
|  16|0x0000000081000000, 0x0000000081100000, 0x0000000081100000|100%| O|  |TAMS 0x0000000081100000, 0x0000000081000000| Untracked 
|  17|0x0000000081100000, 0x0000000081200000, 0x0000000081200000|100%| O|  |TAMS 0x0000000081200000, 0x0000000081100000| Untracked 
|  18|0x0000000081200000, 0x0000000081300000, 0x0000000081300000|100%| O|  |TAMS 0x0000000081300000, 0x0000000081200000| Updating 
|  19|0x0000000081300000, 0x0000000081400000, 0x0000000081400000|100%| O|  |TAMS 0x0000000081400000, 0x0000000081300000| Untracked 
|  20|0x0000000081400000, 0x0000000081500000, 0x0000000081500000|100%| O|  |TAMS 0x0000000081500000, 0x0000000081400000| Untracked 
|  21|0x0000000081500000, 0x0000000081600000, 0x0000000081600000|100%| O|  |TAMS 0x0000000081600000, 0x0000000081500000| Updating 
|  22|0x0000000081600000, 0x0000000081700000, 0x0000000081700000|100%| O|  |TAMS 0x0000000081700000, 0x0000000081600000| Untracked 
|  23|0x0000000081700000, 0x0000000081800000, 0x0000000081800000|100%| O|  |TAMS 0x0000000081800000, 0x0000000081700000| Untracked 
|  24|0x0000000081800000, 0x0000000081900000, 0x0000000081900000|100%| O|  |TAMS 0x0000000081900000, 0x0000000081800000| Untracked 
|  25|0x0000000081900000, 0x0000000081a00000, 0x0000000081a00000|100%| O|  |TAMS 0x0000000081a00000, 0x0000000081900000| Untracked 
|  26|0x0000000081a00000, 0x0000000081b00000, 0x0000000081b00000|100%| O|  |TAMS 0x0000000081b00000, 0x0000000081a00000| Untracked 
|  27|0x0000000081b00000, 0x0000000081c00000, 0x0000000081c00000|100%| O|  |TAMS 0x0000000081c00000, 0x0000000081b00000| Untracked 
|  28|0x0000000081c00000, 0x0000000081d00000, 0x0000000081d00000|100%| O|  |TAMS 0x0000000081d00000, 0x0000000081c00000| Untracked 
|  29|0x0000000081d00000, 0x0000000081e00000, 0x0000000081e00000|100%| O|  |TAMS 0x0000000081e00000, 0x0000000081d00000| Untracked 
|  30|0x0000000081e00000, 0x0000000081f00000, 0x0000000081f00000|100%| O|  |TAMS 0x0000000081f00000, 0x0000000081e00000| Untracked 
|  31|0x0000000081f00000, 0x0000000082000000, 0x0000000082000000|100%|HS|  |TAMS 0x0000000082000000, 0x0000000081f00000| Complete 
|  32|0x0000000082000000, 0x0000000082100000, 0x0000000082100000|100%|HC|  |TAMS 0x0000000082100000, 0x0000000082000000| Complete 
|  33|0x0000000082100000, 0x0000000082200000, 0x0000000082200000|100%|HC|  |TAMS 0x0000000082200000, 0x0000000082100000| Complete 
|  34|0x0000000082200000, 0x0000000082300000, 0x0000000082300000|100%|HS|  |TAMS 0x0000000082300000, 0x0000000082200000| Complete 
|  35|0x0000000082300000, 0x0000000082400000, 0x0000000082400000|100%|HC|  |TAMS 0x0000000082400000, 0x0000000082300000| Complete 
|  36|0x0000000082400000, 0x0000000082500000, 0x0000000082500000|100%|HC|  |TAMS 0x0000000082500000, 0x0000000082400000| Complete 
|  37|0x0000000082500000, 0x0000000082600000, 0x0000000082600000|100%| O|  |TAMS 0x0000000082600000, 0x0000000082500000| Untracked 
|  38|0x0000000082600000, 0x0000000082700000, 0x0000000082700000|100%| O|  |TAMS 0x0000000082700000, 0x0000000082600000| Untracked 
|  39|0x0000000082700000, 0x0000000082800000, 0x0000000082800000|100%| O|  |TAMS 0x0000000082800000, 0x0000000082700000| Untracked 
|  40|0x0000000082800000, 0x0000000082900000, 0x0000000082900000|100%| O|  |TAMS 0x0000000082900000, 0x0000000082800000| Untracked 
|  41|0x0000000082900000, 0x0000000082a00000, 0x0000000082a00000|100%| O|  |TAMS 0x0000000082a00000, 0x0000000082900000| Untracked 
|  42|0x0000000082a00000, 0x0000000082b00000, 0x0000000082b00000|100%| O|  |TAMS 0x0000000082b00000, 0x0000000082a00000| Untracked 
|  43|0x0000000082b00000, 0x0000000082c00000, 0x0000000082c00000|100%| O|  |TAMS 0x0000000082c00000, 0x0000000082b00000| Untracked 
|  44|0x0000000082c00000, 0x0000000082d00000, 0x0000000082d00000|100%| O|  |TAMS 0x0000000082d00000, 0x0000000082c00000| Untracked 
|  45|0x0000000082d00000, 0x0000000082e00000, 0x0000000082e00000|100%| O|  |TAMS 0x0000000082e00000, 0x0000000082d00000| Updating 
|  46|0x0000000082e00000, 0x0000000082f00000, 0x0000000082f00000|100%| O|  |TAMS 0x0000000082f00000, 0x0000000082e00000| Untracked 
|  47|0x0000000082f00000, 0x0000000083000000, 0x0000000083000000|100%| O|  |TAMS 0x0000000083000000, 0x0000000082f00000| Untracked 
|  48|0x0000000083000000, 0x0000000083100000, 0x0000000083100000|100%| O|  |TAMS 0x0000000083100000, 0x0000000083000000| Untracked 
|  49|0x0000000083100000, 0x0000000083200000, 0x0000000083200000|100%| O|  |TAMS 0x0000000083200000, 0x0000000083100000| Untracked 
|  50|0x0000000083200000, 0x0000000083300000, 0x0000000083300000|100%| O|  |TAMS 0x0000000083300000, 0x0000000083200000| Untracked 
|  51|0x0000000083300000, 0x0000000083400000, 0x0000000083400000|100%| O|  |TAMS 0x0000000083400000, 0x0000000083300000| Updating 
|  52|0x0000000083400000, 0x0000000083500000, 0x0000000083500000|100%| O|  |TAMS 0x0000000083500000, 0x0000000083400000| Untracked 
|  53|0x0000000083500000, 0x0000000083600000, 0x0000000083600000|100%| O|  |TAMS 0x0000000083600000, 0x0000000083500000| Updating 
|  54|0x0000000083600000, 0x0000000083700000, 0x0000000083700000|100%| O|  |TAMS 0x0000000083700000, 0x0000000083600000| Untracked 
|  55|0x0000000083700000, 0x0000000083800000, 0x0000000083800000|100%| O|  |TAMS 0x0000000083800000, 0x0000000083700000| Untracked 
|  56|0x0000000083800000, 0x0000000083900000, 0x0000000083900000|100%|HS|  |TAMS 0x0000000083900000, 0x0000000083800000| Complete 
|  57|0x0000000083900000, 0x0000000083a00000, 0x0000000083a00000|100%| O|  |TAMS 0x0000000083a00000, 0x0000000083900000| Untracked 
|  58|0x0000000083a00000, 0x0000000083b00000, 0x0000000083b00000|100%| O|  |TAMS 0x0000000083b00000, 0x0000000083a00000| Updating 
|  59|0x0000000083b00000, 0x0000000083c00000, 0x0000000083c00000|100%| O|  |TAMS 0x0000000083c00000, 0x0000000083b00000| Untracked 
|  60|0x0000000083c00000, 0x0000000083d00000, 0x0000000083d00000|100%| O|  |TAMS 0x0000000083d00000, 0x0000000083c00000| Untracked 
|  61|0x0000000083d00000, 0x0000000083e00000, 0x0000000083e00000|100%| O|  |TAMS 0x0000000083e00000, 0x0000000083d00000| Untracked 
|  62|0x0000000083e00000, 0x0000000083f00000, 0x0000000083f00000|100%| O|  |TAMS 0x0000000083f00000, 0x0000000083e00000| Untracked 
|  63|0x0000000083f00000, 0x0000000084000000, 0x0000000084000000|100%| O|  |TAMS 0x0000000084000000, 0x0000000083f00000| Untracked 
|  64|0x0000000084000000, 0x0000000084100000, 0x0000000084100000|100%| O|  |TAMS 0x0000000084100000, 0x0000000084000000| Untracked 
|  65|0x0000000084100000, 0x0000000084200000, 0x0000000084200000|100%| O|  |TAMS 0x0000000084200000, 0x0000000084100000| Updating 
|  66|0x0000000084200000, 0x0000000084300000, 0x0000000084300000|100%| O|  |TAMS 0x0000000084300000, 0x0000000084200000| Untracked 
|  67|0x0000000084300000, 0x0000000084400000, 0x0000000084400000|100%| O|  |TAMS 0x0000000084400000, 0x0000000084300000| Updating 
|  68|0x0000000084400000, 0x0000000084500000, 0x0000000084500000|100%|HS|  |TAMS 0x0000000084500000, 0x0000000084400000| Complete 
|  69|0x0000000084500000, 0x0000000084600000, 0x0000000084600000|100%|HS|  |TAMS 0x0000000084600000, 0x0000000084500000| Complete 
|  70|0x0000000084600000, 0x0000000084700000, 0x0000000084700000|100%|HS|  |TAMS 0x0000000084700000, 0x0000000084600000| Complete 
|  71|0x0000000084700000, 0x0000000084800000, 0x0000000084800000|100%|HS|  |TAMS 0x0000000084800000, 0x0000000084700000| Complete 
|  72|0x0000000084800000, 0x0000000084900000, 0x0000000084900000|100%| O|  |TAMS 0x0000000084900000, 0x0000000084800000| Untracked 
|  73|0x0000000084900000, 0x0000000084a00000, 0x0000000084a00000|100%|HS|  |TAMS 0x0000000084a00000, 0x0000000084900000| Complete 
|  74|0x0000000084a00000, 0x0000000084b00000, 0x0000000084b00000|100%|HS|  |TAMS 0x0000000084b00000, 0x0000000084a00000| Complete 
|  75|0x0000000084b00000, 0x0000000084c00000, 0x0000000084c00000|100%| O|  |TAMS 0x0000000084c00000, 0x0000000084b00000| Untracked 
|  76|0x0000000084c00000, 0x0000000084d00000, 0x0000000084d00000|100%| O|  |TAMS 0x0000000084d00000, 0x0000000084c00000| Untracked 
|  77|0x0000000084d00000, 0x0000000084e00000, 0x0000000084e00000|100%| O|  |TAMS 0x0000000084e00000, 0x0000000084d00000| Untracked 
|  78|0x0000000084e00000, 0x0000000084f00000, 0x0000000084f00000|100%| O|  |TAMS 0x0000000084f00000, 0x0000000084e00000| Untracked 
|  79|0x0000000084f00000, 0x0000000085000000, 0x0000000085000000|100%| O|  |TAMS 0x0000000085000000, 0x0000000084f00000| Untracked 
|  80|0x0000000085000000, 0x0000000085100000, 0x0000000085100000|100%| O|  |TAMS 0x0000000085100000, 0x0000000085000000| Untracked 
|  81|0x0000000085100000, 0x0000000085200000, 0x0000000085200000|100%| O|  |TAMS 0x0000000085200000, 0x0000000085100000| Untracked 
|  82|0x0000000085200000, 0x0000000085300000, 0x0000000085300000|100%| O|  |TAMS 0x0000000085300000, 0x0000000085200000| Updating 
|  83|0x0000000085300000, 0x0000000085400000, 0x0000000085400000|100%| O|  |TAMS 0x0000000085400000, 0x0000000085300000| Untracked 
|  84|0x0000000085400000, 0x0000000085500000, 0x0000000085500000|100%| O|  |TAMS 0x0000000085500000, 0x0000000085400000| Untracked 
|  85|0x0000000085500000, 0x0000000085600000, 0x0000000085600000|100%| O|  |TAMS 0x0000000085600000, 0x0000000085500000| Untracked 
|  86|0x0000000085600000, 0x0000000085700000, 0x0000000085700000|100%| O|  |TAMS 0x0000000085700000, 0x0000000085600000| Untracked 
|  87|0x0000000085700000, 0x0000000085800000, 0x0000000085800000|100%| O|  |TAMS 0x0000000085800000, 0x0000000085700000| Updating 
|  88|0x0000000085800000, 0x0000000085900000, 0x0000000085900000|100%|HS|  |TAMS 0x0000000085900000, 0x0000000085800000| Complete 
|  89|0x0000000085900000, 0x0000000085a00000, 0x0000000085a00000|100%| O|  |TAMS 0x0000000085a00000, 0x0000000085900000| Updating 
|  90|0x0000000085a00000, 0x0000000085b00000, 0x0000000085b00000|100%|HS|  |TAMS 0x0000000085b00000, 0x0000000085a00000| Complete 
|  91|0x0000000085b00000, 0x0000000085c00000, 0x0000000085c00000|100%|HC|  |TAMS 0x0000000085c00000, 0x0000000085b00000| Complete 
|  92|0x0000000085c00000, 0x0000000085d00000, 0x0000000085d00000|100%|HC|  |TAMS 0x0000000085d00000, 0x0000000085c00000| Complete 
|  93|0x0000000085d00000, 0x0000000085e00000, 0x0000000085e00000|100%| O|  |TAMS 0x0000000085e00000, 0x0000000085d00000| Untracked 
|  94|0x0000000085e00000, 0x0000000085f00000, 0x0000000085f00000|100%| O|  |TAMS 0x0000000085f00000, 0x0000000085e00000| Updating 
|  95|0x0000000085f00000, 0x0000000086000000, 0x0000000086000000|100%| O|  |TAMS 0x0000000086000000, 0x0000000085f00000| Updating 
|  96|0x0000000086000000, 0x0000000086100000, 0x0000000086100000|100%| O|  |TAMS 0x0000000086100000, 0x0000000086000000| Untracked 
|  97|0x0000000086100000, 0x0000000086200000, 0x0000000086200000|100%| O|  |TAMS 0x0000000086200000, 0x0000000086100000| Untracked 
|  98|0x0000000086200000, 0x0000000086300000, 0x0000000086300000|100%| O|  |TAMS 0x0000000086300000, 0x0000000086200000| Untracked 
|  99|0x0000000086300000, 0x0000000086400000, 0x0000000086400000|100%| O|  |TAMS 0x0000000086400000, 0x0000000086300000| Untracked 
| 100|0x0000000086400000, 0x0000000086500000, 0x0000000086500000|100%| O|  |TAMS 0x0000000086500000, 0x0000000086400000| Untracked 
| 101|0x0000000086500000, 0x0000000086600000, 0x0000000086600000|100%| O|  |TAMS 0x0000000086600000, 0x0000000086500000| Updating 
| 102|0x0000000086600000, 0x0000000086700000, 0x0000000086700000|100%| O|  |TAMS 0x0000000086700000, 0x0000000086600000| Untracked 
| 103|0x0000000086700000, 0x0000000086800000, 0x0000000086800000|100%| O|  |TAMS 0x0000000086800000, 0x0000000086700000| Untracked 
| 104|0x0000000086800000, 0x0000000086900000, 0x0000000086900000|100%| O|  |TAMS 0x0000000086900000, 0x0000000086800000| Updating 
| 105|0x0000000086900000, 0x0000000086a00000, 0x0000000086a00000|100%|HS|  |TAMS 0x0000000086a00000, 0x0000000086900000| Complete 
| 106|0x0000000086a00000, 0x0000000086b00000, 0x0000000086b00000|100%|HS|  |TAMS 0x0000000086b00000, 0x0000000086a00000| Complete 
| 107|0x0000000086b00000, 0x0000000086c00000, 0x0000000086c00000|100%|HS|  |TAMS 0x0000000086c00000, 0x0000000086b00000| Complete 
| 108|0x0000000086c00000, 0x0000000086d00000, 0x0000000086d00000|100%| O|  |TAMS 0x0000000086d00000, 0x0000000086c00000| Untracked 
| 109|0x0000000086d00000, 0x0000000086e00000, 0x0000000086e00000|100%| O|  |TAMS 0x0000000086e00000, 0x0000000086d00000| Untracked 
| 110|0x0000000086e00000, 0x0000000086f00000, 0x0000000086f00000|100%| O|  |TAMS 0x0000000086f00000, 0x0000000086e00000| Untracked 
| 111|0x0000000086f00000, 0x0000000087000000, 0x0000000087000000|100%| O|  |TAMS 0x0000000087000000, 0x0000000086f00000| Untracked 
| 112|0x0000000087000000, 0x0000000087100000, 0x0000000087100000|100%| O|  |TAMS 0x0000000087100000, 0x0000000087000000| Untracked 
| 113|0x0000000087100000, 0x0000000087200000, 0x0000000087200000|100%| O|  |TAMS 0x0000000087200000, 0x0000000087100000| Untracked 
| 114|0x0000000087200000, 0x0000000087300000, 0x0000000087300000|100%| O|  |TAMS 0x0000000087300000, 0x0000000087200000| Untracked 
| 115|0x0000000087300000, 0x0000000087400000, 0x0000000087400000|100%| O|  |TAMS 0x0000000087400000, 0x0000000087300000| Untracked 
| 116|0x0000000087400000, 0x0000000087500000, 0x0000000087500000|100%| O|  |TAMS 0x0000000087500000, 0x0000000087400000| Untracked 
| 117|0x0000000087500000, 0x0000000087600000, 0x0000000087600000|100%| O|  |TAMS 0x0000000087600000, 0x0000000087500000| Untracked 
| 118|0x0000000087600000, 0x0000000087700000, 0x0000000087700000|100%| O|  |TAMS 0x0000000087700000, 0x0000000087600000| Untracked 
| 119|0x0000000087700000, 0x0000000087800000, 0x0000000087800000|100%| O|  |TAMS 0x0000000087800000, 0x0000000087700000| Untracked 
| 120|0x0000000087800000, 0x0000000087900000, 0x0000000087900000|100%| O|  |TAMS 0x0000000087900000, 0x0000000087800000| Untracked 
| 121|0x0000000087900000, 0x0000000087a00000, 0x0000000087a00000|100%| O|  |TAMS 0x0000000087a00000, 0x0000000087900000| Updating 
| 122|0x0000000087a00000, 0x0000000087b00000, 0x0000000087b00000|100%| O|  |TAMS 0x0000000087b00000, 0x0000000087a00000| Untracked 
| 123|0x0000000087b00000, 0x0000000087c00000, 0x0000000087c00000|100%| O|  |TAMS 0x0000000087c00000, 0x0000000087b00000| Untracked 
| 124|0x0000000087c00000, 0x0000000087d00000, 0x0000000087d00000|100%| O|  |TAMS 0x0000000087d00000, 0x0000000087c00000| Untracked 
| 125|0x0000000087d00000, 0x0000000087e00000, 0x0000000087e00000|100%| O|  |TAMS 0x0000000087e00000, 0x0000000087d00000| Untracked 
| 126|0x0000000087e00000, 0x0000000087f00000, 0x0000000087f00000|100%| O|  |TAMS 0x0000000087f00000, 0x0000000087e00000| Untracked 
| 127|0x0000000087f00000, 0x0000000088000000, 0x0000000088000000|100%| O|  |TAMS 0x0000000088000000, 0x0000000087f00000| Untracked 
| 128|0x0000000088000000, 0x0000000088100000, 0x0000000088100000|100%| O|  |TAMS 0x0000000088100000, 0x0000000088000000| Updating 
| 129|0x0000000088100000, 0x0000000088200000, 0x0000000088200000|100%|HS|  |TAMS 0x0000000088200000, 0x0000000088100000| Complete 
| 130|0x0000000088200000, 0x0000000088300000, 0x0000000088300000|100%| O|  |TAMS 0x0000000088300000, 0x0000000088200000| Updating 
| 131|0x0000000088300000, 0x0000000088400000, 0x0000000088400000|100%| O|  |TAMS 0x0000000088400000, 0x0000000088300000| Untracked 
| 132|0x0000000088400000, 0x0000000088500000, 0x0000000088500000|100%| O|  |TAMS 0x0000000088500000, 0x0000000088400000| Untracked 
| 133|0x0000000088500000, 0x0000000088600000, 0x0000000088600000|100%| O|  |TAMS 0x0000000088600000, 0x0000000088500000| Untracked 
| 134|0x0000000088600000, 0x0000000088700000, 0x0000000088700000|100%| O|  |TAMS 0x0000000088700000, 0x0000000088600000| Untracked 
| 135|0x0000000088700000, 0x0000000088800000, 0x0000000088800000|100%| O|  |TAMS 0x0000000088800000, 0x0000000088700000| Untracked 
| 136|0x0000000088800000, 0x0000000088900000, 0x0000000088900000|100%| O|  |TAMS 0x0000000088900000, 0x0000000088800000| Updating 
| 137|0x0000000088900000, 0x0000000088a00000, 0x0000000088a00000|100%| O|  |TAMS 0x0000000088a00000, 0x0000000088900000| Untracked 
| 138|0x0000000088a00000, 0x0000000088b00000, 0x0000000088b00000|100%|HS|  |TAMS 0x0000000088b00000, 0x0000000088a00000| Complete 
| 139|0x0000000088b00000, 0x0000000088c00000, 0x0000000088c00000|100%|HS|  |TAMS 0x0000000088c00000, 0x0000000088b00000| Complete 
| 140|0x0000000088c00000, 0x0000000088d00000, 0x0000000088d00000|100%|HS|  |TAMS 0x0000000088d00000, 0x0000000088c00000| Complete 
| 141|0x0000000088d00000, 0x0000000088e00000, 0x0000000088e00000|100%| O|  |TAMS 0x0000000088e00000, 0x0000000088d00000| Untracked 
| 142|0x0000000088e00000, 0x0000000088f00000, 0x0000000088f00000|100%| O|  |TAMS 0x0000000088f00000, 0x0000000088e00000| Untracked 
| 143|0x0000000088f00000, 0x0000000089000000, 0x0000000089000000|100%| O|  |TAMS 0x0000000089000000, 0x0000000088f00000| Updating 
| 144|0x0000000089000000, 0x0000000089100000, 0x0000000089100000|100%| O|  |TAMS 0x0000000089100000, 0x0000000089000000| Untracked 
| 145|0x0000000089100000, 0x0000000089200000, 0x0000000089200000|100%| O|  |TAMS 0x0000000089200000, 0x0000000089100000| Untracked 
| 146|0x0000000089200000, 0x0000000089300000, 0x0000000089300000|100%| O|  |TAMS 0x0000000089300000, 0x0000000089200000| Untracked 
| 147|0x0000000089300000, 0x0000000089400000, 0x0000000089400000|100%| O|  |TAMS 0x0000000089400000, 0x0000000089300000| Untracked 
| 148|0x0000000089400000, 0x0000000089500000, 0x0000000089500000|100%| O|  |TAMS 0x0000000089500000, 0x0000000089400000| Updating 
| 149|0x0000000089500000, 0x0000000089600000, 0x0000000089600000|100%| O|  |TAMS 0x0000000089600000, 0x0000000089500000| Untracked 
| 150|0x0000000089600000, 0x0000000089700000, 0x0000000089700000|100%| O|  |TAMS 0x0000000089700000, 0x0000000089600000| Untracked 
| 151|0x0000000089700000, 0x0000000089800000, 0x0000000089800000|100%| O|  |TAMS 0x0000000089800000, 0x0000000089700000| Untracked 
| 152|0x0000000089800000, 0x0000000089900000, 0x0000000089900000|100%| O|  |TAMS 0x0000000089900000, 0x0000000089800000| Untracked 
| 153|0x0000000089900000, 0x0000000089a00000, 0x0000000089a00000|100%| O|  |TAMS 0x0000000089a00000, 0x0000000089900000| Updating 
| 154|0x0000000089a00000, 0x0000000089b00000, 0x0000000089b00000|100%| O|  |TAMS 0x0000000089b00000, 0x0000000089a00000| Updating 
| 155|0x0000000089b00000, 0x0000000089c00000, 0x0000000089c00000|100%| O|  |TAMS 0x0000000089c00000, 0x0000000089b00000| Untracked 
| 156|0x0000000089c00000, 0x0000000089d00000, 0x0000000089d00000|100%|HS|  |TAMS 0x0000000089d00000, 0x0000000089c00000| Complete 
| 157|0x0000000089d00000, 0x0000000089e00000, 0x0000000089e00000|100%|HC|  |TAMS 0x0000000089e00000, 0x0000000089d00000| Complete 
| 158|0x0000000089e00000, 0x0000000089f00000, 0x0000000089f00000|100%| O|  |TAMS 0x0000000089f00000, 0x0000000089e00000| Untracked 
| 159|0x0000000089f00000, 0x000000008a000000, 0x000000008a000000|100%| O|  |TAMS 0x000000008a000000, 0x0000000089f00000| Untracked 
| 160|0x000000008a000000, 0x000000008a100000, 0x000000008a100000|100%| O|  |TAMS 0x000000008a100000, 0x000000008a000000| Updating 
| 161|0x000000008a100000, 0x000000008a200000, 0x000000008a200000|100%| O|  |TAMS 0x000000008a200000, 0x000000008a100000| Untracked 
| 162|0x000000008a200000, 0x000000008a300000, 0x000000008a300000|100%| O|  |TAMS 0x000000008a300000, 0x000000008a200000| Untracked 
| 163|0x000000008a300000, 0x000000008a400000, 0x000000008a400000|100%| O|  |TAMS 0x000000008a400000, 0x000000008a300000| Untracked 
| 164|0x000000008a400000, 0x000000008a500000, 0x000000008a500000|100%| O|  |TAMS 0x000000008a500000, 0x000000008a400000| Untracked 
| 165|0x000000008a500000, 0x000000008a600000, 0x000000008a600000|100%| O|  |TAMS 0x000000008a600000, 0x000000008a500000| Untracked 
| 166|0x000000008a600000, 0x000000008a700000, 0x000000008a700000|100%| O|  |TAMS 0x000000008a700000, 0x000000008a600000| Untracked 
| 167|0x000000008a700000, 0x000000008a800000, 0x000000008a800000|100%| O|  |TAMS 0x000000008a800000, 0x000000008a700000| Untracked 
| 168|0x000000008a800000, 0x000000008a900000, 0x000000008a900000|100%| O|  |TAMS 0x000000008a900000, 0x000000008a800000| Untracked 
| 169|0x000000008a900000, 0x000000008aa00000, 0x000000008aa00000|100%| O|  |TAMS 0x000000008aa00000, 0x000000008a900000| Untracked 
| 170|0x000000008aa00000, 0x000000008ab00000, 0x000000008ab00000|100%| O|  |TAMS 0x000000008ab00000, 0x000000008aa00000| Updating 
| 171|0x000000008ab00000, 0x000000008ac00000, 0x000000008ac00000|100%|HS|  |TAMS 0x000000008ac00000, 0x000000008ab00000| Complete 
| 172|0x000000008ac00000, 0x000000008ad00000, 0x000000008ad00000|100%|HC|  |TAMS 0x000000008ad00000, 0x000000008ac00000| Complete 
| 173|0x000000008ad00000, 0x000000008ae00000, 0x000000008ae00000|100%| O|  |TAMS 0x000000008ae00000, 0x000000008ad00000| Updating 
| 174|0x000000008ae00000, 0x000000008af00000, 0x000000008af00000|100%| O|  |TAMS 0x000000008af00000, 0x000000008ae00000| Untracked 
| 175|0x000000008af00000, 0x000000008b000000, 0x000000008b000000|100%| O|  |TAMS 0x000000008b000000, 0x000000008af00000| Untracked 
| 176|0x000000008b000000, 0x000000008b100000, 0x000000008b100000|100%| O|  |TAMS 0x000000008b100000, 0x000000008b000000| Untracked 
| 177|0x000000008b100000, 0x000000008b200000, 0x000000008b200000|100%| O|  |TAMS 0x000000008b200000, 0x000000008b100000| Untracked 
| 178|0x000000008b200000, 0x000000008b2bc400, 0x000000008b300000| 73%| O|  |TAMS 0x000000008b2bc400, 0x000000008b200000| Updating 
| 179|0x000000008b300000, 0x000000008b300000, 0x000000008b400000|  0%| F|  |TAMS 0x000000008b300000, 0x000000008b300000| Untracked 
| 180|0x000000008b400000, 0x000000008b400000, 0x000000008b500000|  0%| F|  |TAMS 0x000000008b400000, 0x000000008b400000| Untracked 
| 181|0x000000008b500000, 0x000000008b500000, 0x000000008b600000|  0%| F|  |TAMS 0x000000008b500000, 0x000000008b500000| Untracked 
| 182|0x000000008b600000, 0x000000008b600000, 0x000000008b700000|  0%| F|  |TAMS 0x000000008b600000, 0x000000008b600000| Untracked 
| 183|0x000000008b700000, 0x000000008b700000, 0x000000008b800000|  0%| F|  |TAMS 0x000000008b700000, 0x000000008b700000| Untracked 
| 184|0x000000008b800000, 0x000000008b800000, 0x000000008b900000|  0%| F|  |TAMS 0x000000008b800000, 0x000000008b800000| Untracked 
| 185|0x000000008b900000, 0x000000008b900000, 0x000000008ba00000|  0%| F|  |TAMS 0x000000008b900000, 0x000000008b900000| Untracked 
| 186|0x000000008ba00000, 0x000000008ba00000, 0x000000008bb00000|  0%| F|  |TAMS 0x000000008ba00000, 0x000000008ba00000| Untracked 
| 187|0x000000008bb00000, 0x000000008bb00000, 0x000000008bc00000|  0%| F|  |TAMS 0x000000008bb00000, 0x000000008bb00000| Untracked 
| 188|0x000000008bc00000, 0x000000008bc00000, 0x000000008bd00000|  0%| F|  |TAMS 0x000000008bc00000, 0x000000008bc00000| Untracked 
| 189|0x000000008bd00000, 0x000000008bd00000, 0x000000008be00000|  0%| F|  |TAMS 0x000000008bd00000, 0x000000008bd00000| Untracked 
| 190|0x000000008be00000, 0x000000008be00000, 0x000000008bf00000|  0%| F|  |TAMS 0x000000008be00000, 0x000000008be00000| Untracked 
| 191|0x000000008bf00000, 0x000000008bf00000, 0x000000008c000000|  0%| F|  |TAMS 0x000000008bf00000, 0x000000008bf00000| Untracked 
| 192|0x000000008c000000, 0x000000008c000000, 0x000000008c100000|  0%| F|  |TAMS 0x000000008c000000, 0x000000008c000000| Untracked 
| 193|0x000000008c100000, 0x000000008c100000, 0x000000008c200000|  0%| F|  |TAMS 0x000000008c100000, 0x000000008c100000| Untracked 
| 194|0x000000008c200000, 0x000000008c200000, 0x000000008c300000|  0%| F|  |TAMS 0x000000008c200000, 0x000000008c200000| Untracked 
| 195|0x000000008c300000, 0x000000008c300000, 0x000000008c400000|  0%| F|  |TAMS 0x000000008c300000, 0x000000008c300000| Untracked 
| 196|0x000000008c400000, 0x000000008c400000, 0x000000008c500000|  0%| F|  |TAMS 0x000000008c400000, 0x000000008c400000| Untracked 
| 197|0x000000008c500000, 0x000000008c500000, 0x000000008c600000|  0%| F|  |TAMS 0x000000008c500000, 0x000000008c500000| Untracked 
| 198|0x000000008c600000, 0x000000008c600000, 0x000000008c700000|  0%| F|  |TAMS 0x000000008c600000, 0x000000008c600000| Untracked 
| 199|0x000000008c700000, 0x000000008c700000, 0x000000008c800000|  0%| F|  |TAMS 0x000000008c700000, 0x000000008c700000| Untracked 
| 200|0x000000008c800000, 0x000000008c800000, 0x000000008c900000|  0%| F|  |TAMS 0x000000008c800000, 0x000000008c800000| Untracked 
| 201|0x000000008c900000, 0x000000008c900000, 0x000000008ca00000|  0%| F|  |TAMS 0x000000008c900000, 0x000000008c900000| Untracked 
| 202|0x000000008ca00000, 0x000000008ca00000, 0x000000008cb00000|  0%| F|  |TAMS 0x000000008ca00000, 0x000000008ca00000| Untracked 
| 203|0x000000008cb00000, 0x000000008cb00000, 0x000000008cc00000|  0%| F|  |TAMS 0x000000008cb00000, 0x000000008cb00000| Untracked 
| 204|0x000000008cc00000, 0x000000008cc00000, 0x000000008cd00000|  0%| F|  |TAMS 0x000000008cc00000, 0x000000008cc00000| Untracked 
| 205|0x000000008cd00000, 0x000000008cd00000, 0x000000008ce00000|  0%| F|  |TAMS 0x000000008cd00000, 0x000000008cd00000| Untracked 
| 206|0x000000008ce00000, 0x000000008ce00000, 0x000000008cf00000|  0%| F|  |TAMS 0x000000008ce00000, 0x000000008ce00000| Untracked 
| 207|0x000000008cf00000, 0x000000008cf00000, 0x000000008d000000|  0%| F|  |TAMS 0x000000008cf00000, 0x000000008cf00000| Untracked 
| 208|0x000000008d000000, 0x000000008d000000, 0x000000008d100000|  0%| F|  |TAMS 0x000000008d000000, 0x000000008d000000| Untracked 
| 209|0x000000008d100000, 0x000000008d100000, 0x000000008d200000|  0%| F|  |TAMS 0x000000008d100000, 0x000000008d100000| Untracked 
| 210|0x000000008d200000, 0x000000008d200000, 0x000000008d300000|  0%| F|  |TAMS 0x000000008d200000, 0x000000008d200000| Untracked 
| 211|0x000000008d300000, 0x000000008d300000, 0x000000008d400000|  0%| F|  |TAMS 0x000000008d300000, 0x000000008d300000| Untracked 
| 212|0x000000008d400000, 0x000000008d400000, 0x000000008d500000|  0%| F|  |TAMS 0x000000008d400000, 0x000000008d400000| Untracked 
| 213|0x000000008d500000, 0x000000008d500000, 0x000000008d600000|  0%| F|  |TAMS 0x000000008d500000, 0x000000008d500000| Untracked 
| 214|0x000000008d600000, 0x000000008d600000, 0x000000008d700000|  0%| F|  |TAMS 0x000000008d600000, 0x000000008d600000| Untracked 
| 215|0x000000008d700000, 0x000000008d700000, 0x000000008d800000|  0%| F|  |TAMS 0x000000008d700000, 0x000000008d700000| Untracked 
| 216|0x000000008d800000, 0x000000008d82c560, 0x000000008d900000| 17%| S|CS|TAMS 0x000000008d800000, 0x000000008d800000| Complete 
| 217|0x000000008d900000, 0x000000008da00000, 0x000000008da00000|100%| S|CS|TAMS 0x000000008d900000, 0x000000008d900000| Complete 
| 218|0x000000008da00000, 0x000000008db00000, 0x000000008db00000|100%| S|CS|TAMS 0x000000008da00000, 0x000000008da00000| Complete 
| 219|0x000000008db00000, 0x000000008dc00000, 0x000000008dc00000|100%| S|CS|TAMS 0x000000008db00000, 0x000000008db00000| Complete 
| 220|0x000000008dc00000, 0x000000008dd00000, 0x000000008dd00000|100%| S|CS|TAMS 0x000000008dc00000, 0x000000008dc00000| Complete 
| 221|0x000000008dd00000, 0x000000008de00000, 0x000000008de00000|100%| S|CS|TAMS 0x000000008dd00000, 0x000000008dd00000| Complete 
| 222|0x000000008de00000, 0x000000008de00000, 0x000000008df00000|  0%| F|  |TAMS 0x000000008de00000, 0x000000008de00000| Untracked 
| 223|0x000000008df00000, 0x000000008df00000, 0x000000008e000000|  0%| F|  |TAMS 0x000000008df00000, 0x000000008df00000| Untracked 
| 224|0x000000008e000000, 0x000000008e000000, 0x000000008e100000|  0%| F|  |TAMS 0x000000008e000000, 0x000000008e000000| Untracked 
| 225|0x000000008e100000, 0x000000008e100000, 0x000000008e200000|  0%| F|  |TAMS 0x000000008e100000, 0x000000008e100000| Untracked 
| 226|0x000000008e200000, 0x000000008e200000, 0x000000008e300000|  0%| F|  |TAMS 0x000000008e200000, 0x000000008e200000| Untracked 
| 227|0x000000008e300000, 0x000000008e300000, 0x000000008e400000|  0%| F|  |TAMS 0x000000008e300000, 0x000000008e300000| Untracked 
| 228|0x000000008e400000, 0x000000008e400000, 0x000000008e500000|  0%| F|  |TAMS 0x000000008e400000, 0x000000008e400000| Untracked 
| 229|0x000000008e500000, 0x000000008e500000, 0x000000008e600000|  0%| F|  |TAMS 0x000000008e500000, 0x000000008e500000| Untracked 
| 230|0x000000008e600000, 0x000000008e700000, 0x000000008e700000|100%| E|  |TAMS 0x000000008e600000, 0x000000008e600000| Complete 
| 231|0x000000008e700000, 0x000000008e800000, 0x000000008e800000|100%| E|CS|TAMS 0x000000008e700000, 0x000000008e700000| Complete 
| 232|0x000000008e800000, 0x000000008e900000, 0x000000008e900000|100%| E|CS|TAMS 0x000000008e800000, 0x000000008e800000| Complete 
| 233|0x000000008e900000, 0x000000008ea00000, 0x000000008ea00000|100%| E|CS|TAMS 0x000000008e900000, 0x000000008e900000| Complete 
| 234|0x000000008ea00000, 0x000000008eb00000, 0x000000008eb00000|100%| E|CS|TAMS 0x000000008ea00000, 0x000000008ea00000| Complete 
| 235|0x000000008eb00000, 0x000000008ec00000, 0x000000008ec00000|100%| E|CS|TAMS 0x000000008eb00000, 0x000000008eb00000| Complete 
| 236|0x000000008ec00000, 0x000000008ed00000, 0x000000008ed00000|100%| E|CS|TAMS 0x000000008ec00000, 0x000000008ec00000| Complete 
| 237|0x000000008ed00000, 0x000000008ee00000, 0x000000008ee00000|100%| E|CS|TAMS 0x000000008ed00000, 0x000000008ed00000| Complete 
| 238|0x000000008ee00000, 0x000000008ef00000, 0x000000008ef00000|100%| E|CS|TAMS 0x000000008ee00000, 0x000000008ee00000| Complete 
| 239|0x000000008ef00000, 0x000000008f000000, 0x000000008f000000|100%| E|CS|TAMS 0x000000008ef00000, 0x000000008ef00000| Complete 
| 240|0x000000008f000000, 0x000000008f100000, 0x000000008f100000|100%| E|CS|TAMS 0x000000008f000000, 0x000000008f000000| Complete 
| 241|0x000000008f100000, 0x000000008f200000, 0x000000008f200000|100%| E|CS|TAMS 0x000000008f100000, 0x000000008f100000| Complete 
| 242|0x000000008f200000, 0x000000008f300000, 0x000000008f300000|100%| E|CS|TAMS 0x000000008f200000, 0x000000008f200000| Complete 
| 243|0x000000008f300000, 0x000000008f400000, 0x000000008f400000|100%| E|CS|TAMS 0x000000008f300000, 0x000000008f300000| Complete 
| 244|0x000000008f400000, 0x000000008f500000, 0x000000008f500000|100%| E|CS|TAMS 0x000000008f400000, 0x000000008f400000| Complete 
| 245|0x000000008f500000, 0x000000008f600000, 0x000000008f600000|100%| E|CS|TAMS 0x000000008f500000, 0x000000008f500000| Complete 
| 246|0x000000008f600000, 0x000000008f700000, 0x000000008f700000|100%| E|CS|TAMS 0x000000008f600000, 0x000000008f600000| Complete 
| 247|0x000000008f700000, 0x000000008f800000, 0x000000008f800000|100%| E|CS|TAMS 0x000000008f700000, 0x000000008f700000| Complete 
| 248|0x000000008f800000, 0x000000008f900000, 0x000000008f900000|100%| E|CS|TAMS 0x000000008f800000, 0x000000008f800000| Complete 
| 249|0x000000008f900000, 0x000000008fa00000, 0x000000008fa00000|100%| E|CS|TAMS 0x000000008f900000, 0x000000008f900000| Complete 
| 250|0x000000008fa00000, 0x000000008fb00000, 0x000000008fb00000|100%| E|CS|TAMS 0x000000008fa00000, 0x000000008fa00000| Complete 
| 251|0x000000008fb00000, 0x000000008fc00000, 0x000000008fc00000|100%| E|CS|TAMS 0x000000008fb00000, 0x000000008fb00000| Complete 
| 252|0x000000008fc00000, 0x000000008fd00000, 0x000000008fd00000|100%| E|CS|TAMS 0x000000008fc00000, 0x000000008fc00000| Complete 
| 253|0x000000008fd00000, 0x000000008fe00000, 0x000000008fe00000|100%| E|CS|TAMS 0x000000008fd00000, 0x000000008fd00000| Complete 
| 254|0x000000008fe00000, 0x000000008ff00000, 0x000000008ff00000|100%| E|CS|TAMS 0x000000008fe00000, 0x000000008fe00000| Complete 
| 255|0x000000008ff00000, 0x0000000090000000, 0x0000000090000000|100%| E|CS|TAMS 0x000000008ff00000, 0x000000008ff00000| Complete 
| 256|0x0000000090000000, 0x0000000090100000, 0x0000000090100000|100%| E|CS|TAMS 0x0000000090000000, 0x0000000090000000| Complete 
| 257|0x0000000090100000, 0x0000000090200000, 0x0000000090200000|100%| E|CS|TAMS 0x0000000090100000, 0x0000000090100000| Complete 
| 258|0x0000000090200000, 0x0000000090300000, 0x0000000090300000|100%| E|CS|TAMS 0x0000000090200000, 0x0000000090200000| Complete 
| 259|0x0000000090300000, 0x0000000090400000, 0x0000000090400000|100%| E|CS|TAMS 0x0000000090300000, 0x0000000090300000| Complete 
| 260|0x0000000090400000, 0x0000000090500000, 0x0000000090500000|100%| E|CS|TAMS 0x0000000090400000, 0x0000000090400000| Complete 
| 261|0x0000000090500000, 0x0000000090600000, 0x0000000090600000|100%| E|CS|TAMS 0x0000000090500000, 0x0000000090500000| Complete 
| 262|0x0000000090600000, 0x0000000090700000, 0x0000000090700000|100%| E|CS|TAMS 0x0000000090600000, 0x0000000090600000| Complete 
| 263|0x0000000090700000, 0x0000000090800000, 0x0000000090800000|100%| E|CS|TAMS 0x0000000090700000, 0x0000000090700000| Complete 
| 264|0x0000000090800000, 0x0000000090900000, 0x0000000090900000|100%| E|CS|TAMS 0x0000000090800000, 0x0000000090800000| Complete 
| 265|0x0000000090900000, 0x0000000090a00000, 0x0000000090a00000|100%| E|CS|TAMS 0x0000000090900000, 0x0000000090900000| Complete 
| 266|0x0000000090a00000, 0x0000000090b00000, 0x0000000090b00000|100%| E|CS|TAMS 0x0000000090a00000, 0x0000000090a00000| Complete 
| 267|0x0000000090b00000, 0x0000000090c00000, 0x0000000090c00000|100%| E|CS|TAMS 0x0000000090b00000, 0x0000000090b00000| Complete 
| 268|0x0000000090c00000, 0x0000000090d00000, 0x0000000090d00000|100%| E|CS|TAMS 0x0000000090c00000, 0x0000000090c00000| Complete 
| 269|0x0000000090d00000, 0x0000000090e00000, 0x0000000090e00000|100%| E|CS|TAMS 0x0000000090d00000, 0x0000000090d00000| Complete 
| 270|0x0000000090e00000, 0x0000000090f00000, 0x0000000090f00000|100%| E|CS|TAMS 0x0000000090e00000, 0x0000000090e00000| Complete 
| 271|0x0000000090f00000, 0x0000000091000000, 0x0000000091000000|100%| E|CS|TAMS 0x0000000090f00000, 0x0000000090f00000| Complete 
| 272|0x0000000091000000, 0x0000000091100000, 0x0000000091100000|100%| E|CS|TAMS 0x0000000091000000, 0x0000000091000000| Complete 
| 273|0x0000000091100000, 0x0000000091200000, 0x0000000091200000|100%| E|CS|TAMS 0x0000000091100000, 0x0000000091100000| Complete 
| 274|0x0000000091200000, 0x0000000091300000, 0x0000000091300000|100%| E|CS|TAMS 0x0000000091200000, 0x0000000091200000| Complete 
| 275|0x0000000091300000, 0x0000000091400000, 0x0000000091400000|100%| E|CS|TAMS 0x0000000091300000, 0x0000000091300000| Complete 
| 276|0x0000000091400000, 0x0000000091500000, 0x0000000091500000|100%| E|CS|TAMS 0x0000000091400000, 0x0000000091400000| Complete 
| 277|0x0000000091500000, 0x0000000091600000, 0x0000000091600000|100%| E|CS|TAMS 0x0000000091500000, 0x0000000091500000| Complete 
| 278|0x0000000091600000, 0x0000000091700000, 0x0000000091700000|100%| E|CS|TAMS 0x0000000091600000, 0x0000000091600000| Complete 
| 279|0x0000000091700000, 0x0000000091800000, 0x0000000091800000|100%| E|CS|TAMS 0x0000000091700000, 0x0000000091700000| Complete 
| 280|0x0000000091800000, 0x0000000091900000, 0x0000000091900000|100%| E|CS|TAMS 0x0000000091800000, 0x0000000091800000| Complete 
| 281|0x0000000091900000, 0x0000000091a00000, 0x0000000091a00000|100%| E|CS|TAMS 0x0000000091900000, 0x0000000091900000| Complete 
| 282|0x0000000091a00000, 0x0000000091b00000, 0x0000000091b00000|100%| E|CS|TAMS 0x0000000091a00000, 0x0000000091a00000| Complete 
| 283|0x0000000091b00000, 0x0000000091c00000, 0x0000000091c00000|100%| E|CS|TAMS 0x0000000091b00000, 0x0000000091b00000| Complete 
| 284|0x0000000091c00000, 0x0000000091d00000, 0x0000000091d00000|100%| E|CS|TAMS 0x0000000091c00000, 0x0000000091c00000| Complete 
| 285|0x0000000091d00000, 0x0000000091e00000, 0x0000000091e00000|100%| E|CS|TAMS 0x0000000091d00000, 0x0000000091d00000| Complete 
| 286|0x0000000091e00000, 0x0000000091f00000, 0x0000000091f00000|100%| E|CS|TAMS 0x0000000091e00000, 0x0000000091e00000| Complete 
| 287|0x0000000091f00000, 0x0000000092000000, 0x0000000092000000|100%| E|CS|TAMS 0x0000000091f00000, 0x0000000091f00000| Complete 
| 288|0x0000000092000000, 0x0000000092100000, 0x0000000092100000|100%| E|CS|TAMS 0x0000000092000000, 0x0000000092000000| Complete 

Card table byte_map: [0x0000016677f50000,0x0000016678350000] _byte_map_base: 0x0000016677b50000

Marking Bits (Prev, Next): (CMBitMap*) 0x000001666092dff0, (CMBitMap*) 0x000001666092dfb0
 Prev Bits: [0x000001667a750000, 0x000001667c750000)
 Next Bits: [0x0000016678750000, 0x000001667a750000)

Polling page: 0x000001665f030000

Metaspace:

Usage:
  Non-class:     89.95 MB used.
      Class:     14.78 MB used.
       Both:    104.73 MB used.

Virtual space:
  Non-class space:      128.00 MB reserved,      90.75 MB ( 71%) committed,  2 nodes.
      Class space:      416.00 MB reserved,      15.56 MB (  4%) committed,  1 nodes.
             Both:      544.00 MB reserved,     106.31 MB ( 20%) committed. 

Chunk freelists:
   Non-Class:  5.13 MB
       Class:  397.00 KB
        Both:  5.52 MB

MaxMetaspaceSize: 512.00 MB
CompressedClassSpaceSize: 416.00 MB
Initial GC threshold: 21.00 MB
Current GC threshold: 175.12 MB
CDS: on
MetaspaceReclaimPolicy: balanced
 - commit_granule_bytes: 65536.
 - commit_granule_words: 8192.
 - virtual_space_node_default_size: 8388608.
 - enlarge_chunks_in_place: 1.
 - new_chunks_are_fully_committed: 0.
 - uncommit_free_chunks: 1.
 - use_allocation_guard: 0.
 - handle_deallocations: 1.


Internal statistics:

num_allocs_failed_limit: 9.
num_arena_births: 2428.
num_arena_deaths: 0.
num_vsnodes_births: 3.
num_vsnodes_deaths: 0.
num_space_committed: 1701.
num_space_uncommitted: 0.
num_chunks_returned_to_freelist: 9.
num_chunks_taken_from_freelist: 7602.
num_chunk_merges: 9.
num_chunk_splits: 4762.
num_chunks_enlarged: 2798.
num_inconsistent_stats: 0.

CodeHeap 'non-profiled nmethods': size=120000Kb used=9447Kb max_used=9447Kb free=110552Kb
 bounds [0x000001666fff0000, 0x0000016670930000, 0x0000016677520000]
CodeHeap 'profiled nmethods': size=120000Kb used=25428Kb max_used=26703Kb free=94571Kb
 bounds [0x0000016668520000, 0x0000016669f50000, 0x000001666fa50000]
CodeHeap 'non-nmethods': size=5760Kb used=1778Kb max_used=1843Kb free=3981Kb
 bounds [0x000001666fa50000, 0x000001666fcc0000, 0x000001666fff0000]
 total_blobs=14500 nmethods=13636 adapters=775
 compilation: enabled
              stopped_count=0, restarted_count=0
 full_count=0

Compilation events (20 events):
Event: 44.794 Thread 0x000001667ed204e0 17261       3       org.gradle.api.internal.initialization.transform.InstrumentationAnalysisTransform::isTypeAccepted (19 bytes)
Event: 44.794 Thread 0x000001667ed204e0 nmethod 17261 0x0000016669548410 code [0x00000166695485c0, 0x00000166695487e8]
Event: 44.795 Thread 0x00000166242bf510 17262       4       org.gradle.api.internal.initialization.transform.InstrumentationAnalysisTransform$$Lambda$2434/0x0000016601f8df18::test (8 bytes)
Event: 44.798 Thread 0x00000166242bf510 nmethod 17262 0x0000016670924010 code [0x00000166709241a0, 0x00000166709242f8]
Event: 44.798 Thread 0x000001667ed204e0 17263       3       org.gradle.api.internal.initialization.transform.InstrumentationAnalysisTransform$$Lambda$2428/0x0000016601f8c1f8::visit (13 bytes)
Event: 44.799 Thread 0x000001667ed204e0 nmethod 17263 0x0000016669269690 code [0x0000016669269840, 0x0000016669269988]
Event: 44.807 Thread 0x00000166242bf510 17264       4       org.objectweb.asm.ClassReader::<init> (359 bytes)
Event: 44.807 Thread 0x000001667ed10230 17265       4       com.google.common.base.Preconditions::checkPositionIndexes (29 bytes)
Event: 44.807 Thread 0x000001667ed10230 nmethod 17265 0x0000016670924490 code [0x0000016670924620, 0x00000166709246d8]
Event: 44.810 Thread 0x000001667ed10230 17266       4       java.util.stream.Stream::concat (73 bytes)
Event: 44.824 Thread 0x000001667ed10230 nmethod 17266 0x0000016670924790 code [0x00000166709249a0, 0x0000016670925658]
Event: 44.825 Thread 0x000001667ed10230 17268       4       com.google.common.io.ByteStreams::read (94 bytes)
Event: 44.826 Thread 0x000001667ed10230 nmethod 17268 0x0000016670925f10 code [0x00000166709260c0, 0x0000016670926268]
Event: 44.826 Thread 0x000001667ed10230 17270   !   4       org.gradle.util.internal.JarUtil::getVersionedDirectoryMajorVersion (34 bytes)
Event: 44.827 Thread 0x00000166242bf510 nmethod 17264 0x0000016670926490 code [0x00000166709266a0, 0x00000166709279f0]
Event: 44.827 Thread 0x00000166242bf510 17267       4       java.util.stream.Streams$ConcatSpliterator::<init> (47 bytes)
Event: 44.829 Thread 0x00000166242bf510 nmethod 17267 0x0000016670928390 code [0x0000016670928520, 0x0000016670928818]
Event: 44.829 Thread 0x00000166242bf510 17269       4       java.util.stream.AbstractPipeline::onClose (52 bytes)
Event: 44.830 Thread 0x00000166242bf510 nmethod 17269 0x0000016670928990 code [0x0000016670928b20, 0x0000016670928cd8]
Event: 44.837 Thread 0x000001667ed10230 nmethod 17270 0x0000016670928e10 code [0x0000016670928fe0, 0x00000166709298c8]

GC Heap History (20 events):
Event: 34.638 GC heap before
{Heap before GC invocations=48 (full 0):
 garbage-first heap   total 280576K, used 183807K [0x0000000080000000, 0x0000000100000000)
  region size 1024K, 51 young (52224K), 7 survivors (7168K)
 Metaspace       used 104476K, committed 105920K, reserved 557056K
  class space    used 14683K, committed 15424K, reserved 425984K
}
Event: 34.651 GC heap after
{Heap after GC invocations=49 (full 0):
 garbage-first heap   total 280576K, used 142781K [0x0000000080000000, 0x0000000100000000)
  region size 1024K, 2 young (2048K), 2 survivors (2048K)
 Metaspace       used 104476K, committed 105920K, reserved 557056K
  class space    used 14683K, committed 15424K, reserved 425984K
}
Event: 36.477 GC heap before
{Heap before GC invocations=50 (full 0):
 garbage-first heap   total 280576K, used 230845K [0x0000000080000000, 0x0000000100000000)
  region size 1024K, 88 young (90112K), 2 survivors (2048K)
 Metaspace       used 106023K, committed 107520K, reserved 557056K
  class space    used 14930K, committed 15680K, reserved 425984K
}
Event: 36.493 GC heap after
{Heap after GC invocations=51 (full 0):
 garbage-first heap   total 280576K, used 157014K [0x0000000080000000, 0x0000000100000000)
  region size 1024K, 11 young (11264K), 11 survivors (11264K)
 Metaspace       used 106023K, committed 107520K, reserved 557056K
  class space    used 14930K, committed 15680K, reserved 425984K
}
Event: 36.541 GC heap before
{Heap before GC invocations=51 (full 0):
 garbage-first heap   total 280576K, used 159062K [0x0000000080000000, 0x0000000100000000)
  region size 1024K, 13 young (13312K), 11 survivors (11264K)
 Metaspace       used 106033K, committed 107520K, reserved 557056K
  class space    used 14930K, committed 15680K, reserved 425984K
}
Event: 36.556 GC heap after
{Heap after GC invocations=52 (full 0):
 garbage-first heap   total 280576K, used 157223K [0x0000000080000000, 0x0000000100000000)
  region size 1024K, 2 young (2048K), 2 survivors (2048K)
 Metaspace       used 106033K, committed 107520K, reserved 557056K
  class space    used 14930K, committed 15680K, reserved 425984K
}
Event: 37.143 GC heap before
{Heap before GC invocations=52 (full 0):
 garbage-first heap   total 280576K, used 228903K [0x0000000080000000, 0x0000000100000000)
  region size 1024K, 73 young (74752K), 2 survivors (2048K)
 Metaspace       used 106061K, committed 107584K, reserved 557056K
  class space    used 14930K, committed 15680K, reserved 425984K
}
Event: 37.150 GC heap after
{Heap after GC invocations=53 (full 0):
 garbage-first heap   total 280576K, used 159425K [0x0000000080000000, 0x0000000100000000)
  region size 1024K, 4 young (4096K), 4 survivors (4096K)
 Metaspace       used 106061K, committed 107584K, reserved 557056K
  class space    used 14930K, committed 15680K, reserved 425984K
}
Event: 38.601 GC heap before
{Heap before GC invocations=54 (full 0):
 garbage-first heap   total 295936K, used 235201K [0x0000000080000000, 0x0000000100000000)
  region size 1024K, 74 young (75776K), 4 survivors (4096K)
 Metaspace       used 106324K, committed 107904K, reserved 557056K
  class space    used 14956K, committed 15744K, reserved 425984K
}
Event: 38.618 GC heap after
{Heap after GC invocations=55 (full 0):
 garbage-first heap   total 295936K, used 173357K [0x0000000080000000, 0x0000000100000000)
  region size 1024K, 10 young (10240K), 10 survivors (10240K)
 Metaspace       used 106324K, committed 107904K, reserved 557056K
  class space    used 14956K, committed 15744K, reserved 425984K
}
Event: 38.667 GC heap before
{Heap before GC invocations=55 (full 0):
 garbage-first heap   total 295936K, used 176429K [0x0000000080000000, 0x0000000100000000)
  region size 1024K, 14 young (14336K), 10 survivors (10240K)
 Metaspace       used 106324K, committed 107904K, reserved 557056K
  class space    used 14956K, committed 15744K, reserved 425984K
}
Event: 38.681 GC heap after
{Heap after GC invocations=56 (full 0):
 garbage-first heap   total 295936K, used 173447K [0x0000000080000000, 0x0000000100000000)
  region size 1024K, 1 young (1024K), 1 survivors (1024K)
 Metaspace       used 106324K, committed 107904K, reserved 557056K
  class space    used 14956K, committed 15744K, reserved 425984K
}
Event: 39.689 GC heap before
{Heap before GC invocations=56 (full 0):
 garbage-first heap   total 295936K, used 244103K [0x0000000080000000, 0x0000000100000000)
  region size 1024K, 70 young (71680K), 1 survivors (1024K)
 Metaspace       used 106689K, committed 108352K, reserved 557056K
  class space    used 15030K, committed 15808K, reserved 425984K
}
Event: 39.698 GC heap after
{Heap after GC invocations=57 (full 0):
 garbage-first heap   total 295936K, used 176519K [0x0000000080000000, 0x0000000100000000)
  region size 1024K, 4 young (4096K), 4 survivors (4096K)
 Metaspace       used 106689K, committed 108352K, reserved 557056K
  class space    used 15030K, committed 15808K, reserved 425984K
}
Event: 43.721 GC heap before
{Heap before GC invocations=57 (full 0):
 garbage-first heap   total 295936K, used 247175K [0x0000000080000000, 0x0000000100000000)
  region size 1024K, 72 young (73728K), 4 survivors (4096K)
 Metaspace       used 107055K, committed 108736K, reserved 557056K
  class space    used 15096K, committed 15936K, reserved 425984K
}
Event: 43.752 GC heap after
{Heap after GC invocations=58 (full 0):
 garbage-first heap   total 295936K, used 183626K [0x0000000080000000, 0x0000000100000000)
  region size 1024K, 9 young (9216K), 9 survivors (9216K)
 Metaspace       used 107055K, committed 108736K, reserved 557056K
  class space    used 15096K, committed 15936K, reserved 425984K
}
Event: 44.137 GC heap before
{Heap before GC invocations=58 (full 0):
 garbage-first heap   total 295936K, used 248138K [0x0000000080000000, 0x0000000100000000)
  region size 1024K, 72 young (73728K), 9 survivors (9216K)
 Metaspace       used 107184K, committed 108864K, reserved 557056K
  class space    used 15125K, committed 15936K, reserved 425984K
}
Event: 44.154 GC heap after
{Heap after GC invocations=59 (full 0):
 garbage-first heap   total 295936K, used 186448K [0x0000000080000000, 0x0000000100000000)
  region size 1024K, 4 young (4096K), 4 survivors (4096K)
 Metaspace       used 107184K, committed 108864K, reserved 557056K
  class space    used 15125K, committed 15936K, reserved 425984K
}
Event: 44.490 GC heap before
{Heap before GC invocations=59 (full 0):
 garbage-first heap   total 295936K, used 249936K [0x0000000080000000, 0x0000000100000000)
  region size 1024K, 67 young (68608K), 4 survivors (4096K)
 Metaspace       used 107237K, committed 108864K, reserved 557056K
  class space    used 15135K, committed 15936K, reserved 425984K
}
Event: 44.612 GC heap after
{Heap after GC invocations=60 (full 0):
 garbage-first heap   total 295936K, used 188322K [0x0000000080000000, 0x0000000100000000)
  region size 1024K, 6 young (6144K), 6 survivors (6144K)
 Metaspace       used 107237K, committed 108864K, reserved 557056K
  class space    used 15135K, committed 15936K, reserved 425984K
}

Dll operation events (15 events):
Event: 0.010 Loaded shared library C:\Program Files\Eclipse Adoptium\jdk-17.0.17.10-hotspot\bin\java.dll
Event: 0.024 Loaded shared library C:\Program Files\Eclipse Adoptium\jdk-17.0.17.10-hotspot\bin\jsvml.dll
Event: 0.061 Loaded shared library C:\Program Files\Eclipse Adoptium\jdk-17.0.17.10-hotspot\bin\zip.dll
Event: 0.064 Loaded shared library C:\Program Files\Eclipse Adoptium\jdk-17.0.17.10-hotspot\bin\instrument.dll
Event: 0.068 Loaded shared library C:\Program Files\Eclipse Adoptium\jdk-17.0.17.10-hotspot\bin\net.dll
Event: 0.069 Loaded shared library C:\Program Files\Eclipse Adoptium\jdk-17.0.17.10-hotspot\bin\nio.dll
Event: 0.071 Loaded shared library C:\Program Files\Eclipse Adoptium\jdk-17.0.17.10-hotspot\bin\zip.dll
Event: 0.278 Loaded shared library C:\Program Files\Eclipse Adoptium\jdk-17.0.17.10-hotspot\bin\jimage.dll
Event: 0.454 Loaded shared library C:\Program Files\Eclipse Adoptium\jdk-17.0.17.10-hotspot\bin\verify.dll
Event: 0.481 Loaded shared library C:\Users\SAMSUNG\.gradle\native\1def1411415f61bf3af743bc5b6707747c0891f09f0c88961ee8f79bc544acac\windows-amd64\native-platform.dll
Event: 0.491 Loaded shared library C:\Users\SAMSUNG\.gradle\native\0.2.8\x86_64-windows-gnu\gradle-fileevents.dll
Event: 1.618 Loaded shared library C:\Program Files\Eclipse Adoptium\jdk-17.0.17.10-hotspot\bin\management.dll
Event: 1.621 Loaded shared library C:\Program Files\Eclipse Adoptium\jdk-17.0.17.10-hotspot\bin\management_ext.dll
Event: 1.785 Loaded shared library C:\Program Files\Eclipse Adoptium\jdk-17.0.17.10-hotspot\bin\extnet.dll
Event: 1.978 Loaded shared library C:\Program Files\Eclipse Adoptium\jdk-17.0.17.10-hotspot\bin\sunmscapi.dll

Deoptimization events (20 events):
Event: 44.799 Thread 0x0000016621d4e500 DEOPT PACKING pc=0x000001666877c8e0 sp=0x00000049f1bfbee0
Event: 44.799 Thread 0x0000016621d4e500 DEOPT UNPACKING pc=0x000001666faaace3 sp=0x00000049f1bfb3c0 mode 0
Event: 44.801 Thread 0x0000016621d4e500 DEOPT PACKING pc=0x000001666877c8e0 sp=0x00000049f1bfbee0
Event: 44.801 Thread 0x0000016621d4e500 DEOPT UNPACKING pc=0x000001666faaace3 sp=0x00000049f1bfb3c0 mode 0
Event: 44.803 Thread 0x0000016621d4e500 DEOPT PACKING pc=0x000001666877c8e0 sp=0x00000049f1bfbee0
Event: 44.803 Thread 0x0000016621d4e500 DEOPT UNPACKING pc=0x000001666faaace3 sp=0x00000049f1bfb3c0 mode 0
Event: 44.805 Thread 0x0000016621d4e500 DEOPT PACKING pc=0x000001666877c8e0 sp=0x00000049f1bfbee0
Event: 44.805 Thread 0x0000016621d4e500 DEOPT UNPACKING pc=0x000001666faaace3 sp=0x00000049f1bfb3c0 mode 0
Event: 44.807 Thread 0x0000016621d4e500 DEOPT PACKING pc=0x000001666877c8e0 sp=0x00000049f1bfbee0
Event: 44.807 Thread 0x0000016621d4e500 DEOPT UNPACKING pc=0x000001666faaace3 sp=0x00000049f1bfb3c0 mode 0
Event: 44.809 Thread 0x0000016621d4e500 DEOPT PACKING pc=0x000001666877c8e0 sp=0x00000049f1bfbee0
Event: 44.809 Thread 0x0000016621d4e500 DEOPT UNPACKING pc=0x000001666faaace3 sp=0x00000049f1bfb3c0 mode 0
Event: 44.812 Thread 0x0000016621d4e500 DEOPT PACKING pc=0x000001666877c8e0 sp=0x00000049f1bfbee0
Event: 44.812 Thread 0x0000016621d4e500 DEOPT UNPACKING pc=0x000001666faaace3 sp=0x00000049f1bfb3c0 mode 0
Event: 44.818 Thread 0x0000016621d4e500 DEOPT PACKING pc=0x000001666877c8e0 sp=0x00000049f1bfbee0
Event: 44.818 Thread 0x0000016621d4e500 DEOPT UNPACKING pc=0x000001666faaace3 sp=0x00000049f1bfb3c0 mode 0
Event: 44.821 Thread 0x0000016621d4e500 DEOPT PACKING pc=0x000001666877c8e0 sp=0x00000049f1bfbee0
Event: 44.821 Thread 0x0000016621d4e500 DEOPT UNPACKING pc=0x000001666faaace3 sp=0x00000049f1bfb3c0 mode 0
Event: 44.824 Thread 0x0000016621d4e500 DEOPT PACKING pc=0x000001666877c8e0 sp=0x00000049f1bfbee0
Event: 44.824 Thread 0x0000016621d4e500 DEOPT UNPACKING pc=0x000001666faaace3 sp=0x00000049f1bfb3c0 mode 0

Classes loaded (20 events):
Event: 33.222 Loading class java/util/AbstractListCustomizer
Event: 33.222 Loading class java/util/AbstractListCustomizer done
Event: 33.223 Loading class java/util/ArrayListCustomizer
Event: 33.223 Loading class java/util/ArrayListCustomizer done
Event: 33.223 Loading class java/util/ArrayListCustomizer
Event: 33.223 Loading class java/util/ArrayListCustomizer done
Event: 35.488 Loading class jdk/internal/loader/URLClassPath$JarLoader$3
Event: 35.488 Loading class jdk/internal/loader/URLClassPath$JarLoader$3 done
Event: 35.491 Loading class jdk/internal/reflect/UnsafeQualifiedStaticCharacterFieldAccessorImpl
Event: 35.492 Loading class jdk/internal/reflect/UnsafeQualifiedStaticCharacterFieldAccessorImpl done
Event: 35.588 Loading class java/io/FilterReader
Event: 35.589 Loading class java/io/FilterReader done
Event: 43.486 Loading class java/util/zip/ZipInputStream
Event: 43.523 Loading class java/util/zip/ZipInputStream done
Event: 43.611 Loading class java/nio/channels/Channels$1
Event: 43.637 Loading class java/nio/channels/Channels$1 done
Event: 44.061 Loading class java/nio/file/StandardCopyOption
Event: 44.074 Loading class java/nio/file/StandardCopyOption done
Event: 44.108 Loading class sun/nio/fs/WindowsFileCopy
Event: 44.155 Loading class sun/nio/fs/WindowsFileCopy done

Classes unloaded (0 events):
No events

Classes redefined (0 events):
No events

Internal exceptions (20 events):
Event: 39.688 Thread 0x0000016620099d30 Exception <a 'java/lang/ClassNotFoundException'{0x000000008dbe8390}: org/gradle/api/internal/artifacts/dsl/dependencies/DefaultDependencyConstraintHandlerCustomizer> (0x000000008dbe8390) 
thrown [s\src\hotspot\share\classfile\systemDictionary.cpp, line 256]
Event: 39.701 Thread 0x0000016620099d30 Exception <a 'java/lang/ClassNotFoundException'{0x0000000092018800}: org/gradle/api/internal/artifacts/dsl/dependencies/DefaultDependencyConstraintHandler_DecoratedCustomizer> (0x0000000092018800) 
thrown [s\src\hotspot\share\classfile\systemDictionary.cpp, line 256]
Event: 39.715 Thread 0x0000016620099d30 Exception <a 'java/lang/ClassNotFoundException'{0x000000009208a270}: org/gradle/api/internal/artifacts/dependencies/DefaultDependencyConstraint_DecoratedBeanInfo> (0x000000009208a270) 
thrown [s\src\hotspot\share\classfile\systemDictionary.cpp, line 256]
Event: 39.716 Thread 0x0000016620099d30 Exception <a 'java/lang/ClassNotFoundException'{0x00000000920ab600}: org/gradle/api/internal/artifacts/dependencies/DefaultDependencyConstraintBeanInfo> (0x00000000920ab600) 
thrown [s\src\hotspot\share\classfile\systemDictionary.cpp, line 256]
Event: 39.717 Thread 0x0000016620099d30 Exception <a 'java/lang/ClassNotFoundException'{0x00000000920cc9c8}: org/gradle/api/internal/artifacts/dependencies/AbstractDependencyConstraintBeanInfo> (0x00000000920cc9c8) 
thrown [s\src\hotspot\share\classfile\systemDictionary.cpp, line 256]
Event: 39.718 Thread 0x0000016620099d30 Exception <a 'java/lang/ClassNotFoundException'{0x00000000920edd68}: org/gradle/api/internal/artifacts/dependencies/AbstractDependencyConstraintCustomizer> (0x00000000920edd68) 
thrown [s\src\hotspot\share\classfile\systemDictionary.cpp, line 256]
Event: 39.719 Thread 0x0000016620099d30 Exception <a 'java/lang/ClassNotFoundException'{0x0000000091f13d90}: org/gradle/api/internal/artifacts/dependencies/DefaultDependencyConstraintCustomizer> (0x0000000091f13d90) 
thrown [s\src\hotspot\share\classfile\systemDictionary.cpp, line 256]
Event: 39.720 Thread 0x0000016620099d30 Exception <a 'java/lang/ClassNotFoundException'{0x0000000091f46608}: org/gradle/api/internal/artifacts/dependencies/DefaultDependencyConstraint_DecoratedCustomizer> (0x0000000091f46608) 
thrown [s\src\hotspot\share\classfile\systemDictionary.cpp, line 256]
Event: 40.191 Thread 0x0000016620099d30 Exception <a 'java/lang/ClassNotFoundException'{0x00000000911a15c0}: build_4i140rznjiaw8ll02bfg40gjBeanInfo> (0x00000000911a15c0) 
thrown [s\src\hotspot\share\classfile\systemDictionary.cpp, line 256]
Event: 40.191 Thread 0x0000016620099d30 Exception <a 'java/lang/ClassNotFoundException'{0x00000000911a8cc0}: build_4i140rznjiaw8ll02bfg40gjCustomizer> (0x00000000911a8cc0) 
thrown [s\src\hotspot\share\classfile\systemDictionary.cpp, line 256]
Event: 42.195 Thread 0x0000016621d4e500 Implicit null exception at 0x000001667068ae25 to 0x000001667068fae4
Event: 42.204 Thread 0x0000016621d4f430 Implicit null exception at 0x000001667068ae25 to 0x000001667068fae4
Event: 42.216 Thread 0x0000016621d4ea10 Implicit null exception at 0x000001667068ae25 to 0x000001667068fae4
Event: 42.321 Thread 0x0000016621d4e500 Implicit null exception at 0x0000016670773788 to 0x0000016670773e54
Event: 42.352 Thread 0x0000016621d4f430 Implicit null exception at 0x0000016670773788 to 0x0000016670773e54
Event: 42.357 Thread 0x0000016621d4ea10 Implicit null exception at 0x0000016670773788 to 0x0000016670773e54
Event: 42.364 Thread 0x0000016621d4f430 Implicit null exception at 0x0000016670778300 to 0x0000016670778504
Event: 42.370 Thread 0x0000016621d4ea10 Implicit null exception at 0x0000016670778300 to 0x0000016670778504
Event: 44.793 Thread 0x0000016621d4e500 Implicit null exception at 0x00000166708d51cc to 0x00000166708d52ac
Event: 44.793 Thread 0x0000016621d4e500 Implicit null exception at 0x00000166708cdcac to 0x00000166708cdd80

VM Operations (20 events):
Event: 38.924 Executing VM operation: HandshakeAllThreads done
Event: 39.689 Executing VM operation: G1CollectForAllocation
Event: 39.698 Executing VM operation: G1CollectForAllocation done
Event: 40.701 Executing VM operation: Cleanup
Event: 40.701 Executing VM operation: Cleanup done
Event: 41.714 Executing VM operation: Cleanup
Event: 41.714 Executing VM operation: Cleanup done
Event: 42.715 Executing VM operation: Cleanup
Event: 42.716 Executing VM operation: Cleanup done
Event: 43.708 Executing VM operation: G1CollectForAllocation
Event: 43.752 Executing VM operation: G1CollectForAllocation done
Event: 43.939 Executing VM operation: HandshakeAllThreads
Event: 43.939 Executing VM operation: HandshakeAllThreads done
Event: 44.112 Executing VM operation: G1CollectForAllocation
Event: 44.154 Executing VM operation: G1CollectForAllocation done
Event: 44.490 Executing VM operation: G1CollectForAllocation
Event: 44.490 Executing VM operation: G1CollectForAllocation done
Event: 44.490 Executing VM operation: G1CollectForAllocation
Event: 44.612 Executing VM operation: G1CollectForAllocation done
Event: 45.150 Executing VM operation: G1PauseRemark

Memory protections (0 events):
No events

Nmethod flushes (20 events):
Event: 38.958 Thread 0x000001667ed2ae10 flushing  nmethod 0x0000016669a96710
Event: 38.958 Thread 0x000001667ed2ae10 flushing  nmethod 0x0000016669a97e10
Event: 38.958 Thread 0x000001667ed2ae10 flushing  nmethod 0x0000016669a9a190
Event: 38.958 Thread 0x000001667ed2ae10 flushing osr nmethod 0x0000016669a9b490
Event: 38.958 Thread 0x000001667ed2ae10 flushing  nmethod 0x0000016669a9ec10
Event: 38.958 Thread 0x000001667ed2ae10 flushing  nmethod 0x0000016669a9f490
Event: 38.958 Thread 0x000001667ed2ae10 flushing  nmethod 0x0000016669ad3d10
Event: 38.958 Thread 0x000001667ed2ae10 flushing  nmethod 0x0000016669ad4b90
Event: 38.958 Thread 0x000001667ed2ae10 flushing  nmethod 0x0000016669b07390
Event: 38.958 Thread 0x000001667ed2ae10 flushing  nmethod 0x0000016669b63c90
Event: 38.958 Thread 0x000001667ed2ae10 flushing  nmethod 0x0000016669b8d890
Event: 38.959 Thread 0x000001667ed2ae10 flushing  nmethod 0x0000016669c1ea10
Event: 38.959 Thread 0x000001667ed2ae10 flushing  nmethod 0x0000016669c26f90
Event: 38.959 Thread 0x000001667ed2ae10 flushing  nmethod 0x0000016669c47890
Event: 38.959 Thread 0x000001667ed2ae10 flushing  nmethod 0x0000016669cd1510
Event: 38.959 Thread 0x000001667ed2ae10 flushing  nmethod 0x0000016669cdb190
Event: 38.959 Thread 0x000001667ed2ae10 flushing  nmethod 0x0000016669d3dc90
Event: 38.959 Thread 0x000001667ed2ae10 flushing  nmethod 0x0000016669d40590
Event: 38.959 Thread 0x000001667ed2ae10 flushing  nmethod 0x0000016669d42290
Event: 38.959 Thread 0x000001667ed2ae10 flushing  nmethod 0x0000016669d60510

Events (20 events):
Event: 11.637 Thread 0x0000016620099d30 Thread added: 0x0000016622f69550
Event: 11.685 Thread 0x0000016620099d30 Thread added: 0x0000016622f69a60
Event: 11.685 Thread 0x0000016620099d30 Thread added: 0x0000016622f6b8c0
Event: 11.685 Thread 0x0000016620099d30 Thread added: 0x0000016622f6bdd0
Event: 11.790 Thread 0x0000016620099d30 Thread added: 0x0000016622f6c2e0
Event: 12.005 Thread 0x0000016620099d30 Thread added: 0x0000016622f6c7f0
Event: 12.546 Thread 0x00000166228173b0 Thread added: 0x0000016622f6dc30
Event: 12.546 Thread 0x00000166228173b0 Thread added: 0x0000016622f6cd00
Event: 12.546 Thread 0x00000166228173b0 Thread added: 0x0000016622f6d210
Event: 14.276 Thread 0x0000016620099d30 Thread added: 0x0000016622f6e140
Event: 19.858 Thread 0x0000016620099d30 Thread added: 0x0000016622274be0
Event: 21.703 Thread 0x0000016620099d30 Thread added: 0x0000016622275600
Event: 27.995 Thread 0x000001667ed204e0 Thread added: 0x00000166208f1060
Event: 28.211 Thread 0x00000166208f1060 Thread exited: 0x00000166208f1060
Event: 29.387 Thread 0x000001667ed204e0 Thread added: 0x00000166229eae80
Event: 32.595 Thread 0x0000016620099d30 Thread added: 0x0000016622276a40
Event: 32.665 Thread 0x0000016622276a40 Thread added: 0x0000016622276530
Event: 32.665 Thread 0x0000016622276a40 Thread added: 0x0000016622276f50
Event: 34.924 Thread 0x00000166229eae80 Thread exited: 0x00000166229eae80
Event: 43.596 Thread 0x000001667ed204e0 Thread added: 0x00000166242bf510


Dynamic libraries:
0x00007ff73b4a0000 - 0x00007ff73b4ae000 	C:\Program Files\Eclipse Adoptium\jdk-17.0.17.10-hotspot\bin\java.exe
0x00007fff0c220000 - 0x00007fff0c488000 	C:\WINDOWS\SYSTEM32\ntdll.dll
0x00007fff0a150000 - 0x00007fff0a219000 	C:\WINDOWS\System32\KERNEL32.DLL
0x00007fff095e0000 - 0x00007fff099d2000 	C:\WINDOWS\System32\KERNELBASE.dll
0x00007fff09b50000 - 0x00007fff09c9b000 	C:\WINDOWS\System32\ucrtbase.dll
0x00007fff05ca0000 - 0x00007fff05cbe000 	C:\Program Files\Eclipse Adoptium\jdk-17.0.17.10-hotspot\bin\VCRUNTIME140.dll
0x00007fff05c80000 - 0x00007fff05c98000 	C:\Program Files\Eclipse Adoptium\jdk-17.0.17.10-hotspot\bin\jli.dll
0x00007fff0b9c0000 - 0x00007fff0bb85000 	C:\WINDOWS\System32\USER32.dll
0x00007fff09460000 - 0x00007fff09487000 	C:\WINDOWS\System32\win32u.dll
0x00007fff0a020000 - 0x00007fff0a04b000 	C:\WINDOWS\System32\GDI32.dll
0x00007ffeef830000 - 0x00007ffeefac3000 	C:\WINDOWS\WinSxS\amd64_microsoft.windows.common-controls_6595b64144ccf1df_6.0.26100.6899_none_3e0efeeae32e88c1\COMCTL32.dll
0x00007fff09d40000 - 0x00007fff09e6d000 	C:\WINDOWS\System32\gdi32full.dll
0x00007fff0abc0000 - 0x00007fff0ac69000 	C:\WINDOWS\System32\msvcrt.dll
0x00007fff093b0000 - 0x00007fff09453000 	C:\WINDOWS\System32\msvcp_win.dll
0x00007fff0b7e0000 - 0x00007fff0b80f000 	C:\WINDOWS\System32\IMM32.DLL
0x00007fff05c70000 - 0x00007fff05c7c000 	C:\Program Files\Eclipse Adoptium\jdk-17.0.17.10-hotspot\bin\vcruntime140_1.dll
0x00007ffee3160000 - 0x00007ffee31ed000 	C:\Program Files\Eclipse Adoptium\jdk-17.0.17.10-hotspot\bin\msvcp140.dll
0x00007ffe3d160000 - 0x00007ffe3ddcb000 	C:\Program Files\Eclipse Adoptium\jdk-17.0.17.10-hotspot\bin\server\jvm.dll
0x00007fff0aeb0000 - 0x00007fff0af64000 	C:\WINDOWS\System32\ADVAPI32.dll
0x00007fff0bd10000 - 0x00007fff0bdb6000 	C:\WINDOWS\System32\sechost.dll
0x00007fff0bb90000 - 0x00007fff0bca8000 	C:\WINDOWS\System32\RPCRT4.dll
0x00007fff0ac70000 - 0x00007fff0ace4000 	C:\WINDOWS\System32\WS2_32.dll
0x00007ffef0160000 - 0x00007ffef0195000 	C:\WINDOWS\SYSTEM32\WINMM.dll
0x00007ffef8c60000 - 0x00007ffef8c6b000 	C:\WINDOWS\SYSTEM32\VERSION.dll
0x00007fff09210000 - 0x00007fff0926e000 	C:\WINDOWS\SYSTEM32\POWRPROF.dll
0x00007fff091f0000 - 0x00007fff09204000 	C:\WINDOWS\SYSTEM32\UMPDC.dll
0x00007fff08180000 - 0x00007fff0819b000 	C:\WINDOWS\SYSTEM32\kernel.appcore.dll
0x00007fff05c20000 - 0x00007fff05c2a000 	C:\Program Files\Eclipse Adoptium\jdk-17.0.17.10-hotspot\bin\jimage.dll
0x00007fff06ab0000 - 0x00007fff06cf2000 	C:\WINDOWS\SYSTEM32\DBGHELP.DLL
0x00007fff0be60000 - 0x00007fff0c1db000 	C:\WINDOWS\System32\combase.dll
0x00007fff0adc0000 - 0x00007fff0ae97000 	C:\WINDOWS\System32\OLEAUT32.dll
0x00007ffeebc30000 - 0x00007ffeebc6c000 	C:\WINDOWS\SYSTEM32\dbgcore.DLL
0x00007fff09ca0000 - 0x00007fff09d38000 	C:\WINDOWS\System32\bcryptPrimitives.dll
0x00007ffefb760000 - 0x00007ffefb76e000 	C:\Program Files\Eclipse Adoptium\jdk-17.0.17.10-hotspot\bin\instrument.dll
0x00007fff05870000 - 0x00007fff05895000 	C:\Program Files\Eclipse Adoptium\jdk-17.0.17.10-hotspot\bin\java.dll
0x00007ffec2080000 - 0x00007ffec2157000 	C:\Program Files\Eclipse Adoptium\jdk-17.0.17.10-hotspot\bin\jsvml.dll
0x00007fff0af70000 - 0x00007fff0b6bd000 	C:\WINDOWS\System32\SHELL32.dll
0x00007fff099e0000 - 0x00007fff09b4b000 	C:\WINDOWS\System32\wintypes.dll
0x00007fff06e70000 - 0x00007fff076cd000 	C:\WINDOWS\SYSTEM32\windows.storage.dll
0x00007fff0a050000 - 0x00007fff0a142000 	C:\WINDOWS\System32\SHCORE.dll
0x00007fff0ab50000 - 0x00007fff0abb2000 	C:\WINDOWS\System32\shlwapi.dll
0x00007fff092d0000 - 0x00007fff092f9000 	C:\WINDOWS\SYSTEM32\profapi.dll
0x00007fff00f70000 - 0x00007fff00f88000 	C:\Program Files\Eclipse Adoptium\jdk-17.0.17.10-hotspot\bin\zip.dll
0x00007fff05850000 - 0x00007fff0586a000 	C:\Program Files\Eclipse Adoptium\jdk-17.0.17.10-hotspot\bin\net.dll
0x00007ffefaef0000 - 0x00007ffefb00f000 	C:\WINDOWS\SYSTEM32\WINHTTP.dll
0x00007fff086f0000 - 0x00007fff0875b000 	C:\WINDOWS\system32\mswsock.dll
0x00007fff05710000 - 0x00007fff05726000 	C:\Program Files\Eclipse Adoptium\jdk-17.0.17.10-hotspot\bin\nio.dll
0x00007fff05630000 - 0x00007fff05640000 	C:\Program Files\Eclipse Adoptium\jdk-17.0.17.10-hotspot\bin\verify.dll
0x00007ffefb790000 - 0x00007ffefb7b7000 	C:\Users\SAMSUNG\.gradle\native\1def1411415f61bf3af743bc5b6707747c0891f09f0c88961ee8f79bc544acac\windows-amd64\native-platform.dll
0x00007ffee2e30000 - 0x00007ffee2ea7000 	C:\Users\SAMSUNG\.gradle\native\0.2.8\x86_64-windows-gnu\gradle-fileevents.dll
0x00007fff05c10000 - 0x00007fff05c1a000 	C:\Program Files\Eclipse Adoptium\jdk-17.0.17.10-hotspot\bin\management.dll
0x00007fff05840000 - 0x00007fff0584c000 	C:\Program Files\Eclipse Adoptium\jdk-17.0.17.10-hotspot\bin\management_ext.dll
0x00007fff0b6d0000 - 0x00007fff0b6d8000 	C:\WINDOWS\System32\PSAPI.DLL
0x00007fff07bb0000 - 0x00007fff07be4000 	C:\WINDOWS\SYSTEM32\IPHLPAPI.DLL
0x00007fff0aea0000 - 0x00007fff0aeaa000 	C:\WINDOWS\System32\NSI.dll
0x00007ffefeee0000 - 0x00007ffefeefe000 	C:\WINDOWS\SYSTEM32\dhcpcsvc6.DLL
0x00007ffefb720000 - 0x00007ffefb743000 	C:\WINDOWS\SYSTEM32\dhcpcsvc.DLL
0x00007fff07c50000 - 0x00007fff07d76000 	C:\WINDOWS\SYSTEM32\DNSAPI.dll
0x00007ffefb770000 - 0x00007ffefb779000 	C:\Program Files\Eclipse Adoptium\jdk-17.0.17.10-hotspot\bin\extnet.dll
0x00007fff089a0000 - 0x00007fff089bb000 	C:\WINDOWS\SYSTEM32\CRYPTSP.dll
0x00007fff080e0000 - 0x00007fff0811b000 	C:\WINDOWS\system32\rsaenh.dll
0x00007fff08790000 - 0x00007fff087bb000 	C:\WINDOWS\SYSTEM32\USERENV.dll
0x00007fff092a0000 - 0x00007fff092c6000 	C:\WINDOWS\SYSTEM32\bcrypt.dll
0x00007fff089c0000 - 0x00007fff089cc000 	C:\WINDOWS\SYSTEM32\CRYPTBASE.dll
0x00007ffefb750000 - 0x00007ffefb75e000 	C:\Program Files\Eclipse Adoptium\jdk-17.0.17.10-hotspot\bin\sunmscapi.dll
0x00007fff09e70000 - 0x00007fff09fe7000 	C:\WINDOWS\System32\CRYPT32.dll
0x00007fff08bc0000 - 0x00007fff08bf0000 	C:\WINDOWS\SYSTEM32\ncrypt.dll
0x00007fff08b70000 - 0x00007fff08baf000 	C:\WINDOWS\SYSTEM32\NTASN1.dll
0x00007ffec5e00000 - 0x00007ffec5e08000 	C:\WINDOWS\system32\wshunix.dll
0x00007fff05e70000 - 0x00007fff05f0f000 	C:\WINDOWS\system32\apphelp.dll

dbghelp: loaded successfully - version: 4.0.5 - missing functions: none
symbol engine: initialized successfully - sym options: 0x614 - pdb path: .;C:\Program Files\Eclipse Adoptium\jdk-17.0.17.10-hotspot\bin;C:\WINDOWS\SYSTEM32;C:\WINDOWS\WinSxS\amd64_microsoft.windows.common-controls_6595b64144ccf1df_6.0.26100.6899_none_3e0efeeae32e88c1;C:\Program Files\Eclipse Adoptium\jdk-17.0.17.10-hotspot\bin\server;C:\Users\SAMSUNG\.gradle\native\1def1411415f61bf3af743bc5b6707747c0891f09f0c88961ee8f79bc544acac\windows-amd64;C:\Users\SAMSUNG\.gradle\native\0.2.8\x86_64-windows-gnu

VM Arguments:
jvm_args: --add-opens=java.base/java.lang=ALL-UNNAMED --add-opens=java.base/java.lang.invoke=ALL-UNNAMED --add-opens=java.base/java.util=ALL-UNNAMED --add-opens=java.prefs/java.util.prefs=ALL-UNNAMED --add-exports=jdk.compiler/com.sun.tools.javac.api=ALL-UNNAMED --add-exports=jdk.compiler/com.sun.tools.javac.util=ALL-UNNAMED --add-opens=java.base/java.util=ALL-UNNAMED --add-opens=java.prefs/java.util.prefs=ALL-UNNAMED --add-opens=java.base/java.nio.charset=ALL-UNNAMED --add-opens=java.base/java.net=ALL-UNNAMED --add-opens=java.base/java.util.concurrent=ALL-UNNAMED --add-opens=java.base/java.util.concurrent.atomic=ALL-UNNAMED --add-opens=java.xml/javax.xml.namespace=ALL-UNNAMED -XX:MaxMetaspaceSize=512m -Xmx2048m -Dfile.encoding=windows-1252 -Duser.country=BR -Duser.language=pt -Duser.variant -javaagent:C:\Users\SAMSUNG\.gradle\wrapper\dists\gradle-9.0.0-bin\d6wjpkvcgsg3oed0qlfss3wgl\gradle-9.0.0\lib\agents\gradle-instrumentation-agent-9.0.0.jar 
java_command: org.gradle.launcher.daemon.bootstrap.GradleDaemon 9.0.0
java_class_path (initial): C:\Users\SAMSUNG\.gradle\wrapper\dists\gradle-9.0.0-bin\d6wjpkvcgsg3oed0qlfss3wgl\gradle-9.0.0\lib\gradle-daemon-main-9.0.0.jar
Launcher Type: SUN_STANDARD

[Global flags]
     intx CICompilerCount                          = 3                                         {product} {ergonomic}
   size_t CompressedClassSpaceSize                 = 436207616                                 {product} {ergonomic}
     uint ConcGCThreads                            = 1                                         {product} {ergonomic}
     uint G1ConcRefinementThreads                  = 4                                         {product} {ergonomic}
   size_t G1HeapRegionSize                         = 1048576                                   {product} {ergonomic}
    uintx GCDrainStackTargetSize                   = 64                                        {product} {ergonomic}
   size_t InitialHeapSize                          = 62914560                                  {product} {ergonomic}
   size_t MarkStackSize                            = 4194304                                   {product} {ergonomic}
   size_t MaxHeapSize                              = 2147483648                                {product} {command line}
   size_t MaxMetaspaceSize                         = 536870912                                 {product} {command line}
   size_t MaxNewSize                               = 1287651328                                {product} {ergonomic}
   size_t MinHeapDeltaBytes                        = 1048576                                   {product} {ergonomic}
   size_t MinHeapSize                              = 8388608                                   {product} {ergonomic}
    uintx NonNMethodCodeHeapSize                   = 5832780                                {pd product} {ergonomic}
    uintx NonProfiledCodeHeapSize                  = 122912730                              {pd product} {ergonomic}
    uintx ProfiledCodeHeapSize                     = 122912730                              {pd product} {ergonomic}
    uintx ReservedCodeCacheSize                    = 251658240                              {pd product} {ergonomic}
     bool SegmentedCodeCache                       = true                                      {product} {ergonomic}
   size_t SoftMaxHeapSize                          = 2147483648                             {manageable} {ergonomic}
     bool UseCompressedClassPointers               = true                           {product lp64_product} {ergonomic}
     bool UseCompressedOops                        = true                           {product lp64_product} {ergonomic}
     bool UseG1GC                                  = true                                      {product} {ergonomic}
     bool UseLargePagesIndividualAllocation        = false                                  {pd product} {ergonomic}

Logging:
Log output configuration:
 #0: stdout all=warning uptime,level,tags
 #1: stderr all=off uptime,level,tags

Environment Variables:
PATH=C:\Users\SAMSUNG\KatianaStore\node_modules\.bin;C:\Users\SAMSUNG\KatianaStore\node_modules\.bin;C:\Users\SAMSUNG\node_modules\.bin;C:\Users\node_modules\.bin;C:\node_modules\.bin;C:\Program Files\nodejs\node_modules\npm\node_modules\@npmcli\run-script\lib\node-gyp-bin;C:\Users\SAMSUNG\PycharmProjects\Katianastorern\.venv\Scripts;C:\Program Files\Eclipse Adoptium\jdk-17.0.17.10-hotspot\bin;C:\Program Files (x86)\Common Files\Oracle\Java\javapath;C:\WINDOWS\system32;C:\WINDOWS;C:\WINDOWS\System32\Wbem;C:\WINDOWS\System32\WindowsPowerShell\v1.0\;C:\WINDOWS\System32\OpenSSH\;C:\Program Files\Git\cmd;c:\Program Files\MySQL\MySQL Server 8.0\bin;C:\Program Files\nodejs\;C:\Android\platform-tools;C:\Program Files\MySQL\MySQL Shell 8.0\bin\;C:\Users\SAMSUNG\AppData\Local\Programs\Python\Python312\Scripts\;C:\Users\SAMSUNG\AppData\Local\Programs\Python\Python312\;C:\Users\SAMSUNG\AppData\Local\Programs\Python\Launcher\;C:\Users\SAMSUNG\AppData\Local\Microsoft\WindowsApps;C:\Users\SAMSUNG\AppData\Local\Programs\Microsoft VS Code\bin;C:\Users\SAMSUNG\AppData\Local\GitHubDesktop\bin;c:\Arquivos de Programas\MySQL\MySQL Server 8.0\bin;C:\Users\SAMSUNG\AppData\Roaming\npm;C:\Program Files\nodejs
USERNAME=SAMSUNG
OS=Windows_NT
PROCESSOR_IDENTIFIER=Intel64 Family 6 Model 140 Stepping 1, GenuineIntel
TMP=C:\Users\SAMSUNG\AppData\Local\Temp
TEMP=C:\Users\SAMSUNG\AppData\Local\Temp



Periodic native trim disabled


---------------  S Y S T E M  ---------------

OS:
 Windows 11 , 64 bit Build 26100 (10.0.26100.6725)
OS uptime: 10 days 17:40 hours
Hyper-V role detected

CPU: total 4 (initial active 4) (2 cores per cpu, 2 threads per core) family 6 model 140 stepping 1 microcode 0x8a, cx8, cmov, fxsr, ht, mmx, 3dnowpref, sse, sse2, sse3, ssse3, sse4.1, sse4.2, popcnt, lzcnt, tsc, tscinvbit, avx, avx2, aes, erms, clmul, bmi1, bmi2, adx, avx512f, avx512dq, avx512cd, avx512bw, avx512vl, sha, fma, vzeroupper, avx512_vpopcntdq, avx512_vpclmulqdq, avx512_vaes, avx512_vnni, clflush, clflushopt, clwb, avx512_vbmi2, avx512_vbmi, hv
Processor Information for all 4 processors :
  Max Mhz: 2995, Current Mhz: 2995, Mhz Limit: 2995

Memory: 4k page, system-wide physical 3819M (470M free)
TotalPageFile size 15595M (AvailPageFile size 29M)
current process WorkingSet (physical memory assigned to process): 412M, peak: 486M
current process commit charge ("private bytes"): 638M, peak: 756M

vm_info: OpenJDK 64-Bit Server VM (17.0.17+10) for windows-amd64 JRE (17.0.17+10), built on Oct 21 2025 23:25:32 by "admin" with unknown MS VC++:1942

END.
